[ 2025-12-04 11:33:15,322 ] 1025 httpx - INFO - HTTP Request: GET https://dagshub.com/api/v1/user "HTTP/1.1 200 OK"
[ 2025-12-04 11:33:15,332 ] 107 dagshub - INFO - Accessing as arunps12
[ 2025-12-04 11:33:15,795 ] 1025 httpx - INFO - HTTP Request: GET https://dagshub.com/api/v1/repos/arunps12/VisionInfantNet "HTTP/1.1 200 OK"
[ 2025-12-04 11:33:16,187 ] 1025 httpx - INFO - HTTP Request: GET https://dagshub.com/api/v1/user "HTTP/1.1 200 OK"
[ 2025-12-04 11:33:16,190 ] 107 dagshub - INFO - Initialized MLflow to track repo "arunps12/VisionInfantNet"
[ 2025-12-04 11:33:16,191 ] 107 dagshub - INFO - Repository arunps12/VisionInfantNet initialized!
[ 2025-12-04 11:43:04,027 ] 217 timm.models._builder - INFO - Loading pretrained weights from Hugging Face hub (timm/resnet50.a1_in1k)
[ 2025-12-04 11:43:04,209 ] 1025 httpx - INFO - HTTP Request: HEAD https://huggingface.co/timm/resnet50.a1_in1k/resolve/main/model.safetensors "HTTP/1.1 302 Found"
[ 2025-12-04 11:43:04,406 ] 1025 httpx - INFO - HTTP Request: GET https://huggingface.co/api/models/timm/resnet50.a1_in1k/xet-read-token/767268603ca0cb0bfe326fa87277f19c419566ef "HTTP/1.1 200 OK"
[ 2025-12-04 11:43:06,195 ] 232 timm.models._hub - INFO - [timm/resnet50.a1_in1k] Safe alternative available for 'pytorch_model.bin' (as 'model.safetensors'). Loading weights using safetensors.
[ 2025-12-04 11:43:06,373 ] 282 timm.models._builder - INFO - Missing keys (fc.weight, fc.bias) discovered while loading pretrained weights. This is expected if model is being adapted.
[ 2025-12-04 11:51:30,573 ] 217 timm.models._builder - INFO - Loading pretrained weights from Hugging Face hub (timm/efficientnet_b0.ra_in1k)
[ 2025-12-04 11:51:30,749 ] 1025 httpx - INFO - HTTP Request: HEAD https://huggingface.co/timm/efficientnet_b0.ra_in1k/resolve/main/model.safetensors "HTTP/1.1 302 Found"
[ 2025-12-04 11:51:30,903 ] 1025 httpx - INFO - HTTP Request: GET https://huggingface.co/api/models/timm/efficientnet_b0.ra_in1k/xet-read-token/1b5383e5f79cc0f7fc067e372f8f26a5fa73f26a "HTTP/1.1 200 OK"
[ 2025-12-04 11:51:32,316 ] 232 timm.models._hub - INFO - [timm/efficientnet_b0.ra_in1k] Safe alternative available for 'pytorch_model.bin' (as 'model.safetensors'). Loading weights using safetensors.
[ 2025-12-04 11:51:32,347 ] 282 timm.models._builder - INFO - Missing keys (classifier.weight, classifier.bias) discovered while loading pretrained weights. This is expected if model is being adapted.
[ 2025-12-04 11:56:07,517 ] 217 timm.models._builder - INFO - Loading pretrained weights from Hugging Face hub (timm/convnext_tiny.in12k_ft_in1k)
[ 2025-12-04 11:56:07,688 ] 1025 httpx - INFO - HTTP Request: HEAD https://huggingface.co/timm/convnext_tiny.in12k_ft_in1k/resolve/main/model.safetensors "HTTP/1.1 302 Found"
[ 2025-12-04 11:56:07,836 ] 1025 httpx - INFO - HTTP Request: GET https://huggingface.co/api/models/timm/convnext_tiny.in12k_ft_in1k/xet-read-token/aa096f03029c7f0ec052013f64c819b34f8ad790 "HTTP/1.1 200 OK"
[ 2025-12-04 11:56:09,502 ] 232 timm.models._hub - INFO - [timm/convnext_tiny.in12k_ft_in1k] Safe alternative available for 'pytorch_model.bin' (as 'model.safetensors'). Loading weights using safetensors.
[ 2025-12-04 11:56:09,665 ] 282 timm.models._builder - INFO - Missing keys (head.fc.weight, head.fc.bias) discovered while loading pretrained weights. This is expected if model is being adapted.
[ 2025-12-04 12:08:12,703 ] 1025 httpx - INFO - HTTP Request: GET https://dagshub.com/api/v1/repos/arunps12/VisionInfantNet "HTTP/1.1 200 OK"
[ 2025-12-04 12:08:12,708 ] 107 dagshub - INFO - Initialized MLflow to track repo "arunps12/VisionInfantNet"
[ 2025-12-04 12:08:12,709 ] 107 dagshub - INFO - Repository arunps12/VisionInfantNet initialized!
[ 2025-12-04 12:10:48,597 ] 217 timm.models._builder - INFO - Loading pretrained weights from Hugging Face hub (timm/resnet50.a1_in1k)
[ 2025-12-04 12:10:48,766 ] 1025 httpx - INFO - HTTP Request: HEAD https://huggingface.co/timm/resnet50.a1_in1k/resolve/main/model.safetensors "HTTP/1.1 302 Found"
[ 2025-12-04 12:10:48,771 ] 232 timm.models._hub - INFO - [timm/resnet50.a1_in1k] Safe alternative available for 'pytorch_model.bin' (as 'model.safetensors'). Loading weights using safetensors.
[ 2025-12-04 12:10:48,831 ] 282 timm.models._builder - INFO - Missing keys (fc.weight, fc.bias) discovered while loading pretrained weights. This is expected if model is being adapted.
[ 2025-12-04 12:20:00,134 ] 217 timm.models._builder - INFO - Loading pretrained weights from Hugging Face hub (timm/efficientnet_b0.ra_in1k)
[ 2025-12-04 12:20:00,315 ] 1025 httpx - INFO - HTTP Request: HEAD https://huggingface.co/timm/efficientnet_b0.ra_in1k/resolve/main/model.safetensors "HTTP/1.1 302 Found"
[ 2025-12-04 12:20:00,320 ] 232 timm.models._hub - INFO - [timm/efficientnet_b0.ra_in1k] Safe alternative available for 'pytorch_model.bin' (as 'model.safetensors'). Loading weights using safetensors.
[ 2025-12-04 12:20:00,341 ] 282 timm.models._builder - INFO - Missing keys (classifier.weight, classifier.bias) discovered while loading pretrained weights. This is expected if model is being adapted.
[ 2025-12-04 12:24:35,948 ] 217 timm.models._builder - INFO - Loading pretrained weights from Hugging Face hub (timm/convnext_tiny.in12k_ft_in1k)
[ 2025-12-04 12:24:36,119 ] 1025 httpx - INFO - HTTP Request: HEAD https://huggingface.co/timm/convnext_tiny.in12k_ft_in1k/resolve/main/model.safetensors "HTTP/1.1 302 Found"
[ 2025-12-04 12:24:36,124 ] 232 timm.models._hub - INFO - [timm/convnext_tiny.in12k_ft_in1k] Safe alternative available for 'pytorch_model.bin' (as 'model.safetensors'). Loading weights using safetensors.
[ 2025-12-04 12:24:36,146 ] 282 timm.models._builder - INFO - Missing keys (head.fc.weight, head.fc.bias) discovered while loading pretrained weights. This is expected if model is being adapted.
[ 2025-12-04 13:05:53,259 ] 1025 httpx - INFO - HTTP Request: GET https://dagshub.com/api/v1/repos/arunps12/VisionInfantNet "HTTP/1.1 200 OK"
[ 2025-12-04 13:05:53,264 ] 107 dagshub - INFO - Initialized MLflow to track repo "arunps12/VisionInfantNet"
[ 2025-12-04 13:05:53,284 ] 107 dagshub - INFO - Repository arunps12/VisionInfantNet initialized!
[ 2025-12-04 13:08:43,268 ] 217 timm.models._builder - INFO - Loading pretrained weights from Hugging Face hub (timm/resnet50.a1_in1k)
[ 2025-12-04 13:08:43,540 ] 1025 httpx - INFO - HTTP Request: HEAD https://huggingface.co/timm/resnet50.a1_in1k/resolve/main/model.safetensors "HTTP/1.1 302 Found"
[ 2025-12-04 13:08:43,547 ] 232 timm.models._hub - INFO - [timm/resnet50.a1_in1k] Safe alternative available for 'pytorch_model.bin' (as 'model.safetensors'). Loading weights using safetensors.
[ 2025-12-04 13:17:00,726 ] 217 timm.models._builder - INFO - Loading pretrained weights from Hugging Face hub (timm/efficientnet_b0.ra_in1k)
[ 2025-12-04 13:17:00,904 ] 1025 httpx - INFO - HTTP Request: HEAD https://huggingface.co/timm/efficientnet_b0.ra_in1k/resolve/main/model.safetensors "HTTP/1.1 302 Found"
[ 2025-12-04 13:17:00,910 ] 232 timm.models._hub - INFO - [timm/efficientnet_b0.ra_in1k] Safe alternative available for 'pytorch_model.bin' (as 'model.safetensors'). Loading weights using safetensors.
[ 2025-12-04 13:21:31,749 ] 217 timm.models._builder - INFO - Loading pretrained weights from Hugging Face hub (timm/convnext_tiny.in12k_ft_in1k)
[ 2025-12-04 13:21:31,930 ] 1025 httpx - INFO - HTTP Request: HEAD https://huggingface.co/timm/convnext_tiny.in12k_ft_in1k/resolve/main/model.safetensors "HTTP/1.1 302 Found"
[ 2025-12-04 13:21:31,937 ] 232 timm.models._hub - INFO - [timm/convnext_tiny.in12k_ft_in1k] Safe alternative available for 'pytorch_model.bin' (as 'model.safetensors'). Loading weights using safetensors.
[ 2025-12-04 13:32:48,691 ] 217 timm.models._builder - INFO - Loading pretrained weights from Hugging Face hub (timm/resnet50.a1_in1k)
[ 2025-12-04 13:32:48,877 ] 1025 httpx - INFO - HTTP Request: HEAD https://huggingface.co/timm/resnet50.a1_in1k/resolve/main/model.safetensors "HTTP/1.1 302 Found"
[ 2025-12-04 13:32:48,882 ] 232 timm.models._hub - INFO - [timm/resnet50.a1_in1k] Safe alternative available for 'pytorch_model.bin' (as 'model.safetensors'). Loading weights using safetensors.
[ 2025-12-04 13:41:06,935 ] 217 timm.models._builder - INFO - Loading pretrained weights from Hugging Face hub (timm/efficientnet_b0.ra_in1k)
[ 2025-12-04 13:41:07,108 ] 1025 httpx - INFO - HTTP Request: HEAD https://huggingface.co/timm/efficientnet_b0.ra_in1k/resolve/main/model.safetensors "HTTP/1.1 302 Found"
[ 2025-12-04 13:41:07,112 ] 232 timm.models._hub - INFO - [timm/efficientnet_b0.ra_in1k] Safe alternative available for 'pytorch_model.bin' (as 'model.safetensors'). Loading weights using safetensors.
[ 2025-12-04 13:45:44,355 ] 217 timm.models._builder - INFO - Loading pretrained weights from Hugging Face hub (timm/convnext_tiny.in12k_ft_in1k)
[ 2025-12-04 13:45:44,526 ] 1025 httpx - INFO - HTTP Request: HEAD https://huggingface.co/timm/convnext_tiny.in12k_ft_in1k/resolve/main/model.safetensors "HTTP/1.1 302 Found"
[ 2025-12-04 13:45:44,531 ] 232 timm.models._hub - INFO - [timm/convnext_tiny.in12k_ft_in1k] Safe alternative available for 'pytorch_model.bin' (as 'model.safetensors'). Loading weights using safetensors.
