[ 2025-12-02 10:27:46,890 ] 18 root - INFO - === VisionInfantNet: Data Ingestion Pipeline Started ===
[ 2025-12-02 10:27:46,890 ] 29 root - INFO - Initiating data ingestion...
[ 2025-12-02 10:27:46,890 ] 141 root - INFO - ===== Data Ingestion Started =====
[ 2025-12-02 10:27:47,008 ] 41 root - INFO - Loaded metadata (13478 rows) and saved snapshot to: artifacts/12_02_2025_10_27_46/data_ingestion/full_metadata.csv
[ 2025-12-02 10:27:47,008 ] 55 root - INFO - Starting child-disjoint splitting...
[ 2025-12-02 10:27:47,017 ] 87 root - INFO - train split created with 3600 samples.
[ 2025-12-02 10:27:47,024 ] 87 root - INFO - valid split created with 3580 samples.
[ 2025-12-02 10:27:47,031 ] 87 root - INFO - test split created with 3590 samples.
[ 2025-12-02 10:28:14,552 ] 112 root - INFO - Copied 3600 audio files to: artifacts/12_02_2025_10_27_46/data_ingestion/ingested_audio/train
[ 2025-12-02 10:28:41,907 ] 112 root - INFO - Copied 3580 audio files to: artifacts/12_02_2025_10_27_46/data_ingestion/ingested_audio/valid
[ 2025-12-02 10:29:08,283 ] 112 root - INFO - Copied 3590 audio files to: artifacts/12_02_2025_10_27_46/data_ingestion/ingested_audio/test
[ 2025-12-02 10:29:08,335 ] 131 root - INFO - Saved metadata: artifacts/12_02_2025_10_27_46/data_ingestion/ingested_metadata/train.csv (3600 rows)
[ 2025-12-02 10:29:08,445 ] 131 root - INFO - Saved metadata: artifacts/12_02_2025_10_27_46/data_ingestion/ingested_metadata/valid.csv (3580 rows)
[ 2025-12-02 10:29:08,508 ] 131 root - INFO - Saved metadata: artifacts/12_02_2025_10_27_46/data_ingestion/ingested_metadata/test.csv (3590 rows)
[ 2025-12-02 10:29:08,508 ] 159 root - INFO - ===== Data Ingestion Completed Successfully =====
[ 2025-12-02 10:29:08,509 ] 31 root - INFO - Data ingestion completed successfully.
[ 2025-12-02 10:29:08,509 ] 32 root - INFO - DataIngestionArtifact: DataIngestionArtifact(train_metadata_path='artifacts/12_02_2025_10_27_46/data_ingestion/ingested_metadata/train.csv', valid_metadata_path='artifacts/12_02_2025_10_27_46/data_ingestion/ingested_metadata/valid.csv', test_metadata_path='artifacts/12_02_2025_10_27_46/data_ingestion/ingested_metadata/test.csv', train_audio_dir='artifacts/12_02_2025_10_27_46/data_ingestion/ingested_audio/train', valid_audio_dir='artifacts/12_02_2025_10_27_46/data_ingestion/ingested_audio/valid', test_audio_dir='artifacts/12_02_2025_10_27_46/data_ingestion/ingested_audio/test')
[ 2025-12-02 10:29:08,509 ] 36 root - INFO - === VisionInfantNet: Data Ingestion Pipeline Finished ===
[ 2025-12-02 10:29:08,510 ] 38 root - INFO - === VisionInfantNet: Data Validation Started ===
[ 2025-12-02 10:29:08,510 ] 46 root - INFO - Initiating data validation...
[ 2025-12-02 10:29:08,511 ] 323 root - INFO - ===== Data Validation Started =====
[ 2025-12-02 10:29:08,545 ] 334 root - INFO - Schema/label/dtype validation OK? True
[ 2025-12-02 10:29:08,546 ] 338 root - INFO - Child-disjoint validation OK? True
[ 2025-12-02 10:29:19,808 ] 342 root - INFO - Audio validation OK? True
[ 2025-12-02 10:29:19,998 ] 355 root - INFO - ===== Data Validation Completed =====
[ 2025-12-02 10:29:19,999 ] 49 root - INFO - Data validation completed successfully.
[ 2025-12-02 10:29:19,999 ] 50 root - INFO - DataValidationArtifact: DataValidationArtifact(validation_status=True, report_file_path='artifacts/12_02_2025_10_27_46/data_validation/validation_report.yaml', drift_report_file_path='artifacts/12_02_2025_10_27_46/data_validation/drift_report/drift_report.yaml', validated_train_metadata_path='artifacts/12_02_2025_10_27_46/data_validation/validated/metadata/train.csv', validated_validation_metadata_path='artifacts/12_02_2025_10_27_46/data_validation/validated/metadata/valid.csv', validated_test_metadata_path='artifacts/12_02_2025_10_27_46/data_validation/validated/metadata/test.csv', invalid_train_metadata_path='artifacts/12_02_2025_10_27_46/data_validation/invalid/metadata/invalid_train_metadata.csv', invalid_validation_metadata_path='artifacts/12_02_2025_10_27_46/data_validation/invalid/metadata/invalid_valid_metadata.csv', invalid_test_metadata_path='artifacts/12_02_2025_10_27_46/data_validation/invalid/metadata/invalid_test_metadata.csv', validated_train_audio_dir='artifacts/12_02_2025_10_27_46/data_ingestion/ingested_audio/train', validated_validation_audio_dir='artifacts/12_02_2025_10_27_46/data_ingestion/ingested_audio/valid', validated_test_audio_dir='artifacts/12_02_2025_10_27_46/data_ingestion/ingested_audio/test')
[ 2025-12-02 10:29:19,999 ] 54 root - INFO - === VisionInfantNet: Data Validation Finished ===
[ 2025-12-02 10:29:19,999 ] 57 root - INFO - === VisionInfantNet: Data Transforamtion Started ===
[ 2025-12-02 10:29:20,041 ] 63 root - INFO - Initiating data transforamtion...
[ 2025-12-02 10:29:20,042 ] 166 root - INFO - ===== Data Transformation Started =====
[ 2025-12-02 10:33:46,856 ] 192 root - INFO - ===== Data Transformation Completed =====
[ 2025-12-02 10:33:46,857 ] 66 root - INFO - Data transformation completed successfully.
[ 2025-12-02 10:33:46,859 ] 67 root - INFO - DataTransformationArtifact: DataTransformationArtifact(train_feature_file_path='artifacts/12_02_2025_10_27_46/data_transformation/features/train_features.npy', valid_feature_file_path='artifacts/12_02_2025_10_27_46/data_transformation/features/valid_features.npy', test_feature_file_path='artifacts/12_02_2025_10_27_46/data_transformation/features/test_features.npy', train_label_file_path='artifacts/12_02_2025_10_27_46/data_transformation/features/train_labels.npy', valid_label_file_path='artifacts/12_02_2025_10_27_46/data_transformation/features/valid_labels.npy', test_label_file_path='artifacts/12_02_2025_10_27_46/data_transformation/features/test_labels.npy', train_spectrogram_dir='artifacts/12_02_2025_10_27_46/data_transformation/spectrograms/train', valid_spectrogram_dir='artifacts/12_02_2025_10_27_46/data_transformation/spectrograms/valid', test_spectrogram_dir='artifacts/12_02_2025_10_27_46/data_transformation/spectrograms/test')
[ 2025-12-02 10:33:46,859 ] 70 root - INFO - === VisionInfantNet: Data Transforamtion Finished ===
