[ 2025-12-09 17:37:20,750 ] 1025 httpx - INFO - HTTP Request: GET https://dagshub.com/api/v1/user "HTTP/1.1 200 OK"
[ 2025-12-09 17:37:20,754 ] 107 dagshub - INFO - Accessing as arunps12
[ 2025-12-09 17:37:21,179 ] 1025 httpx - INFO - HTTP Request: GET https://dagshub.com/api/v1/repos/arunps12/VisionInfantNet "HTTP/1.1 200 OK"
[ 2025-12-09 17:37:21,601 ] 1025 httpx - INFO - HTTP Request: GET https://dagshub.com/api/v1/user "HTTP/1.1 200 OK"
[ 2025-12-09 17:37:21,602 ] 107 dagshub - INFO - Initialized MLflow to track repo "arunps12/VisionInfantNet"
[ 2025-12-09 17:37:21,602 ] 107 dagshub - INFO - Repository arunps12/VisionInfantNet initialized!
[ 2025-12-09 17:37:38,825 ] 96 root - INFO - === /train endpoint called: starting TrainingPipeline ===
[ 2025-12-09 17:37:38,826 ] 174 root - INFO - === VisionInfantNet: Full Training Pipeline Started ===
[ 2025-12-09 17:37:38,826 ] 52 root - INFO - === [TrainingPipeline] Data Ingestion: Started ===
[ 2025-12-09 17:37:38,826 ] 141 root - INFO - ===== Data Ingestion Started =====
[ 2025-12-09 17:37:38,945 ] 41 root - INFO - Loaded metadata (13478 rows) and saved snapshot to: artifacts/12_09_2025_17_37_10/data_ingestion/full_metadata.csv
[ 2025-12-09 17:37:38,945 ] 55 root - INFO - Starting child-disjoint splitting...
[ 2025-12-09 17:37:38,955 ] 87 root - INFO - train split created with 3600 samples.
[ 2025-12-09 17:37:38,963 ] 87 root - INFO - valid split created with 3580 samples.
[ 2025-12-09 17:37:38,971 ] 87 root - INFO - test split created with 3590 samples.
[ 2025-12-09 17:37:51,813 ] 112 root - INFO - Copied 3600 audio files to: artifacts/12_09_2025_17_37_10/data_ingestion/ingested_audio/train
[ 2025-12-09 17:38:03,613 ] 112 root - INFO - Copied 3580 audio files to: artifacts/12_09_2025_17_37_10/data_ingestion/ingested_audio/valid
[ 2025-12-09 17:38:15,894 ] 112 root - INFO - Copied 3590 audio files to: artifacts/12_09_2025_17_37_10/data_ingestion/ingested_audio/test
[ 2025-12-09 17:38:15,921 ] 131 root - INFO - Saved metadata: artifacts/12_09_2025_17_37_10/data_ingestion/ingested_metadata/train.csv (3600 rows)
[ 2025-12-09 17:38:15,968 ] 131 root - INFO - Saved metadata: artifacts/12_09_2025_17_37_10/data_ingestion/ingested_metadata/valid.csv (3580 rows)
[ 2025-12-09 17:38:16,008 ] 131 root - INFO - Saved metadata: artifacts/12_09_2025_17_37_10/data_ingestion/ingested_metadata/test.csv (3590 rows)
[ 2025-12-09 17:38:16,008 ] 159 root - INFO - ===== Data Ingestion Completed Successfully =====
[ 2025-12-09 17:38:16,010 ] 63 root - INFO - === [TrainingPipeline] Data Ingestion: Completed. Artifact: DataIngestionArtifact(train_metadata_path='artifacts/12_09_2025_17_37_10/data_ingestion/ingested_metadata/train.csv', valid_metadata_path='artifacts/12_09_2025_17_37_10/data_ingestion/ingested_metadata/valid.csv', test_metadata_path='artifacts/12_09_2025_17_37_10/data_ingestion/ingested_metadata/test.csv', train_audio_dir='artifacts/12_09_2025_17_37_10/data_ingestion/ingested_audio/train', valid_audio_dir='artifacts/12_09_2025_17_37_10/data_ingestion/ingested_audio/valid', test_audio_dir='artifacts/12_09_2025_17_37_10/data_ingestion/ingested_audio/test') ===
[ 2025-12-09 17:38:16,010 ] 81 root - INFO - === [TrainingPipeline] Data Validation: Started ===
[ 2025-12-09 17:38:16,011 ] 323 root - INFO - ===== Data Validation Started =====
[ 2025-12-09 17:38:16,042 ] 334 root - INFO - Schema/label/dtype validation OK? True
[ 2025-12-09 17:38:16,043 ] 338 root - INFO - Child-disjoint validation OK? True
[ 2025-12-09 17:38:27,714 ] 342 root - INFO - Audio validation OK? True
[ 2025-12-09 17:38:27,894 ] 355 root - INFO - ===== Data Validation Completed =====
[ 2025-12-09 17:38:27,894 ] 93 root - INFO - === [TrainingPipeline] Data Validation: Completed. Artifact: DataValidationArtifact(validation_status=True, report_file_path='artifacts/12_09_2025_17_37_10/data_validation/validation_report.yaml', drift_report_file_path='artifacts/12_09_2025_17_37_10/data_validation/drift_report/drift_report.yaml', validated_train_metadata_path='artifacts/12_09_2025_17_37_10/data_validation/validated/metadata/train.csv', validated_validation_metadata_path='artifacts/12_09_2025_17_37_10/data_validation/validated/metadata/valid.csv', validated_test_metadata_path='artifacts/12_09_2025_17_37_10/data_validation/validated/metadata/test.csv', invalid_train_metadata_path='artifacts/12_09_2025_17_37_10/data_validation/invalid/metadata/invalid_train_metadata.csv', invalid_validation_metadata_path='artifacts/12_09_2025_17_37_10/data_validation/invalid/metadata/invalid_valid_metadata.csv', invalid_test_metadata_path='artifacts/12_09_2025_17_37_10/data_validation/invalid/metadata/invalid_test_metadata.csv', validated_train_audio_dir='artifacts/12_09_2025_17_37_10/data_ingestion/ingested_audio/train', validated_validation_audio_dir='artifacts/12_09_2025_17_37_10/data_ingestion/ingested_audio/valid', validated_test_audio_dir='artifacts/12_09_2025_17_37_10/data_ingestion/ingested_audio/test') ===
[ 2025-12-09 17:38:27,895 ] 111 root - INFO - === [TrainingPipeline] Data Transformation: Started ===
[ 2025-12-09 17:38:27,895 ] 341 root - INFO - Loading ResNet50 model for image embeddings...
[ 2025-12-09 17:38:28,262 ] 217 timm.models._builder - INFO - Loading pretrained weights from Hugging Face hub (timm/resnet50.a1_in1k)
[ 2025-12-09 17:38:28,426 ] 1025 httpx - INFO - HTTP Request: HEAD https://huggingface.co/timm/resnet50.a1_in1k/resolve/main/model.safetensors "HTTP/1.1 302 Found"
[ 2025-12-09 17:38:28,431 ] 232 timm.models._hub - INFO - [timm/resnet50.a1_in1k] Safe alternative available for 'pytorch_model.bin' (as 'model.safetensors'). Loading weights using safetensors.
[ 2025-12-09 17:38:28,819 ] 344 root - INFO - Loading PANNs CNN14 model for audio embeddings...
[ 2025-12-09 17:38:30,755 ] 347 root - INFO - Loading YAMNet model for audio embeddings...
[ 2025-12-09 17:38:30,755 ] 351 root - INFO - Initializing BoAW and Fisher Vector encoders...
[ 2025-12-09 17:38:30,755 ] 532 root - INFO - ===== Data Transformation Started =====
[ 2025-12-09 17:38:30,785 ] 370 root - INFO - Loaded validated metadata: train=3600, valid=3580, test=3590
[ 2025-12-09 17:38:30,785 ] 542 root - INFO - Extracting base features for TRAIN split...
[ 2025-12-09 17:38:30,789 ] 442 root - INFO - Extracting base features for split with 3600 files...
[ 2025-12-09 17:42:00,331 ] 547 root - INFO - Extracting base features for VALIDATION split...
[ 2025-12-09 17:42:00,333 ] 442 root - INFO - Extracting base features for split with 3580 files...
[ 2025-12-09 17:45:28,227 ] 552 root - INFO - Extracting base features for TEST split...
[ 2025-12-09 17:45:28,230 ] 442 root - INFO - Extracting base features for split with 3590 files...
[ 2025-12-09 17:49:00,380 ] 560 root - INFO - Fitting BoAW encoder (KMeans) on TRAIN MFCC LLDs...
[ 2025-12-09 17:49:52,993 ] 563 root - INFO - Fitting Fisher Vector encoder (GMM) on TRAIN MFCC LLDs...
[ 2025-12-09 17:49:54,294 ] 582 root - INFO - Computing BoAW & FV for TRAIN...
[ 2025-12-09 17:49:57,438 ] 585 root - INFO - Computing BoAW & FV for VALIDATION...
[ 2025-12-09 17:50:00,482 ] 588 root - INFO - Computing BoAW & FV for TEST...
[ 2025-12-09 17:50:03,552 ] 605 root - INFO - Creating feature directory if needed...
[ 2025-12-09 17:50:39,246 ] 718 root - INFO - ===== Data Transformation Completed Successfully =====
[ 2025-12-09 17:50:39,278 ] 125 root - INFO - === [TrainingPipeline] Data Transformation: Completed. Artifact: DataTransformationArtifact(train_image_feature_file_path='artifacts/12_09_2025_17_37_10/data_transformation/features/train_image_features.npy', valid_image_feature_file_path='artifacts/12_09_2025_17_37_10/data_transformation/features/valid_image_features.npy', test_image_feature_file_path='artifacts/12_09_2025_17_37_10/data_transformation/features/test_image_features.npy', train_spectrogram_feature_file_path='artifacts/12_09_2025_17_37_10/data_transformation/features/train_melspectrogram_features.npy', valid_spectrogram_feature_file_path='artifacts/12_09_2025_17_37_10/data_transformation/features/valid_melspectrogram_features.npy', test_spectrogram_feature_file_path='artifacts/12_09_2025_17_37_10/data_transformation/features/test_melspectrogram_features.npy', train_compare_feature_file_path='artifacts/12_09_2025_17_37_10/data_transformation/features/train_compare_features.npy', valid_compare_feature_file_path='artifacts/12_09_2025_17_37_10/data_transformation/features/valid_compare_features.npy', test_compare_feature_file_path='artifacts/12_09_2025_17_37_10/data_transformation/features/test_compare_features.npy', train_boaw_feature_file_path='artifacts/12_09_2025_17_37_10/data_transformation/features/train_boaw_features.npy', valid_boaw_feature_file_path='artifacts/12_09_2025_17_37_10/data_transformation/features/valid_boaw_features.npy', test_boaw_feature_file_path='artifacts/12_09_2025_17_37_10/data_transformation/features/test_boaw_features.npy', train_audeep_feature_file_path='artifacts/12_09_2025_17_37_10/data_transformation/features/train_audeep_features.npy', valid_audeep_feature_file_path='artifacts/12_09_2025_17_37_10/data_transformation/features/valid_audeep_features.npy', test_audeep_feature_file_path='artifacts/12_09_2025_17_37_10/data_transformation/features/test_audeep_features.npy', train_fv_feature_file_path='artifacts/12_09_2025_17_37_10/data_transformation/features/train_fv_features.npy', valid_fv_feature_file_path='artifacts/12_09_2025_17_37_10/data_transformation/features/valid_fv_features.npy', test_fv_feature_file_path='artifacts/12_09_2025_17_37_10/data_transformation/features/test_fv_features.npy', train_panns_feature_file_path='artifacts/12_09_2025_17_37_10/data_transformation/features/train_panns_features.npy', valid_panns_feature_file_path='artifacts/12_09_2025_17_37_10/data_transformation/features/valid_panns_features.npy', test_panns_feature_file_path='artifacts/12_09_2025_17_37_10/data_transformation/features/test_panns_features.npy', train_yamnet_feature_file_path='artifacts/12_09_2025_17_37_10/data_transformation/features/train_yamnet_features.npy', valid_yamnet_feature_file_path='artifacts/12_09_2025_17_37_10/data_transformation/features/valid_yamnet_features.npy', test_yamnet_feature_file_path='artifacts/12_09_2025_17_37_10/data_transformation/features/test_yamnet_features.npy', train_image_embedding_file_path='artifacts/12_09_2025_17_37_10/data_transformation/features/train_image_embeddings.npy', valid_image_embedding_file_path='artifacts/12_09_2025_17_37_10/data_transformation/features/valid_image_embeddings.npy', test_image_embedding_file_path='artifacts/12_09_2025_17_37_10/data_transformation/features/test_image_embeddings.npy', train_label_file_path='artifacts/12_09_2025_17_37_10/data_transformation/features/train_labels.npy', valid_label_file_path='artifacts/12_09_2025_17_37_10/data_transformation/features/valid_labels.npy', test_label_file_path='artifacts/12_09_2025_17_37_10/data_transformation/features/test_labels.npy', train_spectrogram_image_dir='artifacts/12_09_2025_17_37_10/data_transformation/spectrogram_images/train', valid_spectrogram_image_dir='artifacts/12_09_2025_17_37_10/data_transformation/spectrogram_images/valid', test_spectrogram_image_dir='artifacts/12_09_2025_17_37_10/data_transformation/spectrogram_images/test') ===
[ 2025-12-09 17:50:39,283 ] 143 root - INFO - === [TrainingPipeline] Model Training: Started ===
[ 2025-12-09 17:50:39,284 ] 416 root - INFO - ==== Starting Model Trainer for XGB + eGeMAPS + SMOTE ====
[ 2025-12-09 17:50:39,285 ] 113 root - INFO - Loading eGeMAPS (compare) features and labels from artifacts...
[ 2025-12-09 17:50:39,297 ] 137 root - INFO - Shapes - X_train: (3600, 88), X_valid: (3580, 88), X_test: (3590, 88)
[ 2025-12-09 17:50:39,297 ] 140 root - INFO - Shapes - y_train: (3600,), y_valid: (3580,), y_test: (3590,)
[ 2025-12-09 17:50:39,297 ] 242 root - INFO - Encoding string labels with LabelEncoder...
[ 2025-12-09 17:50:39,302 ] 31 root - INFO - Label encoding mapping:
[ 2025-12-09 17:50:39,302 ] 35 root - INFO - Canonical → 0
[ 2025-12-09 17:50:39,302 ] 35 root - INFO - Crying → 1
[ 2025-12-09 17:50:39,303 ] 35 root - INFO - Junk → 2
[ 2025-12-09 17:50:39,303 ] 35 root - INFO - Laughing → 3
[ 2025-12-09 17:50:39,303 ] 35 root - INFO - Non-canonical → 4
[ 2025-12-09 17:50:39,303 ] 252 root - INFO - Fitting SimpleImputer on training data and transforming...
[ 2025-12-09 17:50:39,329 ] 259 root - INFO - Applying SMOTE on training data...
[ 2025-12-09 17:50:39,387 ] 264 root - INFO - Resampled train shape: X_train_res=(7185, 88), y_train_res=(7185,)
[ 2025-12-09 17:50:39,388 ] 272 root - INFO - Training XGBClassifier on resampled training data...
[ 2025-12-09 17:50:45,539 ] 281 root - INFO - Generating predictions for train/valid/test...
[ 2025-12-09 17:50:45,576 ] 287 root - INFO - Computing classification metrics (F1, Precision, Recall, UAR)...
[ 2025-12-09 17:50:45,604 ] 297 root - INFO - Train metrics: F1=0.7796, Precision=0.7909, Recall=0.7764, UAR=0.8158
[ 2025-12-09 17:50:45,604 ] 303 root - INFO - Valid metrics: F1=0.6076, Precision=0.6399, Recall=0.5925, UAR=0.4667
[ 2025-12-09 17:50:45,604 ] 309 root - INFO - Test  metrics: F1=0.5938, Precision=0.6139, Recall=0.5816, UAR=0.4629
[ 2025-12-09 17:50:45,604 ] 317 root - INFO - Saving preprocessing object (imputer) to artifacts/12_09_2025_17_37_10/model_trainer/preprocessing/preprocessing.pkl
[ 2025-12-09 17:50:45,609 ] 326 root - INFO - Saving LabelEncoder to artifacts/12_09_2025_17_37_10/model_trainer/preprocessing/label_encoder.pkl
[ 2025-12-09 17:50:45,611 ] 333 root - INFO - Saving trained XGB model to artifacts/12_09_2025_17_37_10/model_trainer/trained_model/xgb_egemaps_smote_optuna.pkl
[ 2025-12-09 17:50:45,784 ] 346 root - INFO - Saving confusion matrices for train/valid/test...
[ 2025-12-09 17:51:17,488 ] 400 root - INFO - ModelTrainerArtifact: ModelTrainerArtifact(trained_model_file_path='artifacts/12_09_2025_17_37_10/model_trainer/trained_model/xgb_egemaps_smote_optuna.pkl', preprocessing_object_file_path='artifacts/12_09_2025_17_37_10/model_trainer/preprocessing/preprocessing.pkl', label_encoder_file_path='artifacts/12_09_2025_17_37_10/model_trainer/preprocessing/label_encoder.pkl', train_metric_artifact=ClassificationMetricArtifact(f1_score=0.7796433177114547, precision_score=0.790944558611149, recall_score=0.7763888888888889, uar=0.8157837195126032), valid_metric_artifact=ClassificationMetricArtifact(f1_score=0.6076207961595036, precision_score=0.6399212547151218, recall_score=0.5924581005586592, uar=0.4667488981091169), test_metric_artifact=ClassificationMetricArtifact(f1_score=0.5938183153226734, precision_score=0.6139462363389586, recall_score=0.5816155988857938, uar=0.46289987029828944), train_confusion_matrix_path='artifacts/12_09_2025_17_37_10/model_trainer/confusion_matrices/train_cm.png', valid_confusion_matrix_path='artifacts/12_09_2025_17_37_10/model_trainer/confusion_matrices/valid_cm.png', test_confusion_matrix_path='artifacts/12_09_2025_17_37_10/model_trainer/confusion_matrices/test_cm.png')
[ 2025-12-09 17:51:17,494 ] 418 root - INFO - ==== Model Trainer completed successfully ====
[ 2025-12-09 17:51:17,494 ] 155 root - INFO - === [TrainingPipeline] Model Training: Completed. Artifact: ModelTrainerArtifact(trained_model_file_path='artifacts/12_09_2025_17_37_10/model_trainer/trained_model/xgb_egemaps_smote_optuna.pkl', preprocessing_object_file_path='artifacts/12_09_2025_17_37_10/model_trainer/preprocessing/preprocessing.pkl', label_encoder_file_path='artifacts/12_09_2025_17_37_10/model_trainer/preprocessing/label_encoder.pkl', train_metric_artifact=ClassificationMetricArtifact(f1_score=0.7796433177114547, precision_score=0.790944558611149, recall_score=0.7763888888888889, uar=0.8157837195126032), valid_metric_artifact=ClassificationMetricArtifact(f1_score=0.6076207961595036, precision_score=0.6399212547151218, recall_score=0.5924581005586592, uar=0.4667488981091169), test_metric_artifact=ClassificationMetricArtifact(f1_score=0.5938183153226734, precision_score=0.6139462363389586, recall_score=0.5816155988857938, uar=0.46289987029828944), train_confusion_matrix_path='artifacts/12_09_2025_17_37_10/model_trainer/confusion_matrices/train_cm.png', valid_confusion_matrix_path='artifacts/12_09_2025_17_37_10/model_trainer/confusion_matrices/valid_cm.png', test_confusion_matrix_path='artifacts/12_09_2025_17_37_10/model_trainer/confusion_matrices/test_cm.png') ===
[ 2025-12-09 17:51:17,495 ] 187 root - INFO - === VisionInfantNet: Full Training Pipeline Finished Successfully ===
[ 2025-12-09 17:51:17,495 ] 99 root - INFO - TrainingPipeline finished successfully.
