[ 2025-12-09 15:23:06,578 ] 25 root - INFO - === VisionInfantNet: Data Ingestion Pipeline Started ===
[ 2025-12-09 15:23:06,578 ] 32 root - INFO - Initiating data ingestion...
[ 2025-12-09 15:23:06,579 ] 141 root - INFO - ===== Data Ingestion Started =====
[ 2025-12-09 15:23:06,706 ] 41 root - INFO - Loaded metadata (13478 rows) and saved snapshot to: artifacts/12_09_2025_15_22_56/data_ingestion/full_metadata.csv
[ 2025-12-09 15:23:06,706 ] 55 root - INFO - Starting child-disjoint splitting...
[ 2025-12-09 15:23:06,763 ] 87 root - INFO - train split created with 3600 samples.
[ 2025-12-09 15:23:06,770 ] 87 root - INFO - valid split created with 3580 samples.
[ 2025-12-09 15:23:06,778 ] 87 root - INFO - test split created with 3590 samples.
[ 2025-12-09 15:23:48,985 ] 112 root - INFO - Copied 3600 audio files to: artifacts/12_09_2025_15_22_56/data_ingestion/ingested_audio/train
[ 2025-12-09 15:24:03,194 ] 112 root - INFO - Copied 3580 audio files to: artifacts/12_09_2025_15_22_56/data_ingestion/ingested_audio/valid
[ 2025-12-09 15:24:18,619 ] 112 root - INFO - Copied 3590 audio files to: artifacts/12_09_2025_15_22_56/data_ingestion/ingested_audio/test
[ 2025-12-09 15:24:18,709 ] 131 root - INFO - Saved metadata: artifacts/12_09_2025_15_22_56/data_ingestion/ingested_metadata/train.csv (3600 rows)
[ 2025-12-09 15:24:18,777 ] 131 root - INFO - Saved metadata: artifacts/12_09_2025_15_22_56/data_ingestion/ingested_metadata/valid.csv (3580 rows)
[ 2025-12-09 15:24:18,830 ] 131 root - INFO - Saved metadata: artifacts/12_09_2025_15_22_56/data_ingestion/ingested_metadata/test.csv (3590 rows)
[ 2025-12-09 15:24:18,830 ] 159 root - INFO - ===== Data Ingestion Completed Successfully =====
[ 2025-12-09 15:24:18,832 ] 34 root - INFO - Data ingestion completed successfully.
[ 2025-12-09 15:24:18,833 ] 35 root - INFO - DataIngestionArtifact: DataIngestionArtifact(train_metadata_path='artifacts/12_09_2025_15_22_56/data_ingestion/ingested_metadata/train.csv', valid_metadata_path='artifacts/12_09_2025_15_22_56/data_ingestion/ingested_metadata/valid.csv', test_metadata_path='artifacts/12_09_2025_15_22_56/data_ingestion/ingested_metadata/test.csv', train_audio_dir='artifacts/12_09_2025_15_22_56/data_ingestion/ingested_audio/train', valid_audio_dir='artifacts/12_09_2025_15_22_56/data_ingestion/ingested_audio/valid', test_audio_dir='artifacts/12_09_2025_15_22_56/data_ingestion/ingested_audio/test')
[ 2025-12-09 15:24:18,833 ] 39 root - INFO - === VisionInfantNet: Data Ingestion Pipeline Finished ===
[ 2025-12-09 15:24:18,833 ] 44 root - INFO - === VisionInfantNet: Data Validation Started ===
[ 2025-12-09 15:24:18,833 ] 52 root - INFO - Initiating data validation...
[ 2025-12-09 15:24:18,833 ] 323 root - INFO - ===== Data Validation Started =====
[ 2025-12-09 15:24:18,868 ] 334 root - INFO - Schema/label/dtype validation OK? True
[ 2025-12-09 15:24:18,869 ] 338 root - INFO - Child-disjoint validation OK? True
[ 2025-12-09 15:24:34,376 ] 342 root - INFO - Audio validation OK? True
[ 2025-12-09 15:24:34,591 ] 355 root - INFO - ===== Data Validation Completed =====
[ 2025-12-09 15:24:34,592 ] 55 root - INFO - Data validation completed successfully.
[ 2025-12-09 15:24:34,592 ] 56 root - INFO - DataValidationArtifact: DataValidationArtifact(validation_status=True, report_file_path='artifacts/12_09_2025_15_22_56/data_validation/validation_report.yaml', drift_report_file_path='artifacts/12_09_2025_15_22_56/data_validation/drift_report/drift_report.yaml', validated_train_metadata_path='artifacts/12_09_2025_15_22_56/data_validation/validated/metadata/train.csv', validated_validation_metadata_path='artifacts/12_09_2025_15_22_56/data_validation/validated/metadata/valid.csv', validated_test_metadata_path='artifacts/12_09_2025_15_22_56/data_validation/validated/metadata/test.csv', invalid_train_metadata_path='artifacts/12_09_2025_15_22_56/data_validation/invalid/metadata/invalid_train_metadata.csv', invalid_validation_metadata_path='artifacts/12_09_2025_15_22_56/data_validation/invalid/metadata/invalid_valid_metadata.csv', invalid_test_metadata_path='artifacts/12_09_2025_15_22_56/data_validation/invalid/metadata/invalid_test_metadata.csv', validated_train_audio_dir='artifacts/12_09_2025_15_22_56/data_ingestion/ingested_audio/train', validated_validation_audio_dir='artifacts/12_09_2025_15_22_56/data_ingestion/ingested_audio/valid', validated_test_audio_dir='artifacts/12_09_2025_15_22_56/data_ingestion/ingested_audio/test')
[ 2025-12-09 15:24:34,592 ] 60 root - INFO - === VisionInfantNet: Data Validation Finished ===
[ 2025-12-09 15:24:34,659 ] 65 root - INFO - === VisionInfantNet: Data Transformation Started ===
[ 2025-12-09 15:24:34,660 ] 341 root - INFO - Loading ResNet50 model for image embeddings...
[ 2025-12-09 15:24:35,055 ] 217 timm.models._builder - INFO - Loading pretrained weights from Hugging Face hub (timm/resnet50.a1_in1k)
[ 2025-12-09 15:24:35,361 ] 1025 httpx - INFO - HTTP Request: HEAD https://huggingface.co/timm/resnet50.a1_in1k/resolve/main/model.safetensors "HTTP/1.1 302 Found"
[ 2025-12-09 15:24:35,370 ] 232 timm.models._hub - INFO - [timm/resnet50.a1_in1k] Safe alternative available for 'pytorch_model.bin' (as 'model.safetensors'). Loading weights using safetensors.
[ 2025-12-09 15:24:36,323 ] 344 root - INFO - Loading PANNs CNN14 model for audio embeddings...
[ 2025-12-09 15:24:38,899 ] 347 root - INFO - Loading YAMNet model for audio embeddings...
[ 2025-12-09 15:24:38,899 ] 351 root - INFO - Initializing BoAW and Fisher Vector encoders...
[ 2025-12-09 15:24:38,900 ] 73 root - INFO - Initiating data transformation...
[ 2025-12-09 15:24:38,900 ] 532 root - INFO - ===== Data Transformation Started =====
[ 2025-12-09 15:24:38,933 ] 370 root - INFO - Loaded validated metadata: train=3600, valid=3580, test=3590
[ 2025-12-09 15:24:38,933 ] 542 root - INFO - Extracting base features for TRAIN split...
[ 2025-12-09 15:24:38,936 ] 442 root - INFO - Extracting base features for split with 3600 files...
[ 2025-12-09 15:28:14,689 ] 547 root - INFO - Extracting base features for VALIDATION split...
[ 2025-12-09 15:28:14,692 ] 442 root - INFO - Extracting base features for split with 3580 files...
[ 2025-12-09 15:31:47,968 ] 552 root - INFO - Extracting base features for TEST split...
[ 2025-12-09 15:31:47,970 ] 442 root - INFO - Extracting base features for split with 3590 files...
[ 2025-12-09 15:35:23,796 ] 560 root - INFO - Fitting BoAW encoder (KMeans) on TRAIN MFCC LLDs...
[ 2025-12-09 15:36:15,068 ] 563 root - INFO - Fitting Fisher Vector encoder (GMM) on TRAIN MFCC LLDs...
[ 2025-12-09 15:36:16,191 ] 582 root - INFO - Computing BoAW & FV for TRAIN...
[ 2025-12-09 15:36:19,386 ] 585 root - INFO - Computing BoAW & FV for VALIDATION...
[ 2025-12-09 15:36:22,477 ] 588 root - INFO - Computing BoAW & FV for TEST...
[ 2025-12-09 15:36:25,563 ] 605 root - INFO - Creating feature directory if needed...
[ 2025-12-09 15:37:08,241 ] 718 root - INFO - ===== Data Transformation Completed Successfully =====
[ 2025-12-09 15:37:08,263 ] 76 root - INFO - Data transformation completed successfully.
[ 2025-12-09 15:37:08,263 ] 77 root - INFO - DataTransformationArtifact: DataTransformationArtifact(train_image_feature_file_path='artifacts/12_09_2025_15_22_56/data_transformation/features/train_image_features.npy', valid_image_feature_file_path='artifacts/12_09_2025_15_22_56/data_transformation/features/valid_image_features.npy', test_image_feature_file_path='artifacts/12_09_2025_15_22_56/data_transformation/features/test_image_features.npy', train_spectrogram_feature_file_path='artifacts/12_09_2025_15_22_56/data_transformation/features/train_melspectrogram_features.npy', valid_spectrogram_feature_file_path='artifacts/12_09_2025_15_22_56/data_transformation/features/valid_melspectrogram_features.npy', test_spectrogram_feature_file_path='artifacts/12_09_2025_15_22_56/data_transformation/features/test_melspectrogram_features.npy', train_compare_feature_file_path='artifacts/12_09_2025_15_22_56/data_transformation/features/train_compare_features.npy', valid_compare_feature_file_path='artifacts/12_09_2025_15_22_56/data_transformation/features/valid_compare_features.npy', test_compare_feature_file_path='artifacts/12_09_2025_15_22_56/data_transformation/features/test_compare_features.npy', train_boaw_feature_file_path='artifacts/12_09_2025_15_22_56/data_transformation/features/train_boaw_features.npy', valid_boaw_feature_file_path='artifacts/12_09_2025_15_22_56/data_transformation/features/valid_boaw_features.npy', test_boaw_feature_file_path='artifacts/12_09_2025_15_22_56/data_transformation/features/test_boaw_features.npy', train_audeep_feature_file_path='artifacts/12_09_2025_15_22_56/data_transformation/features/train_audeep_features.npy', valid_audeep_feature_file_path='artifacts/12_09_2025_15_22_56/data_transformation/features/valid_audeep_features.npy', test_audeep_feature_file_path='artifacts/12_09_2025_15_22_56/data_transformation/features/test_audeep_features.npy', train_fv_feature_file_path='artifacts/12_09_2025_15_22_56/data_transformation/features/train_fv_features.npy', valid_fv_feature_file_path='artifacts/12_09_2025_15_22_56/data_transformation/features/valid_fv_features.npy', test_fv_feature_file_path='artifacts/12_09_2025_15_22_56/data_transformation/features/test_fv_features.npy', train_panns_feature_file_path='artifacts/12_09_2025_15_22_56/data_transformation/features/train_panns_features.npy', valid_panns_feature_file_path='artifacts/12_09_2025_15_22_56/data_transformation/features/valid_panns_features.npy', test_panns_feature_file_path='artifacts/12_09_2025_15_22_56/data_transformation/features/test_panns_features.npy', train_yamnet_feature_file_path='artifacts/12_09_2025_15_22_56/data_transformation/features/train_yamnet_features.npy', valid_yamnet_feature_file_path='artifacts/12_09_2025_15_22_56/data_transformation/features/valid_yamnet_features.npy', test_yamnet_feature_file_path='artifacts/12_09_2025_15_22_56/data_transformation/features/test_yamnet_features.npy', train_image_embedding_file_path='artifacts/12_09_2025_15_22_56/data_transformation/features/train_image_embeddings.npy', valid_image_embedding_file_path='artifacts/12_09_2025_15_22_56/data_transformation/features/valid_image_embeddings.npy', test_image_embedding_file_path='artifacts/12_09_2025_15_22_56/data_transformation/features/test_image_embeddings.npy', train_label_file_path='artifacts/12_09_2025_15_22_56/data_transformation/features/train_labels.npy', valid_label_file_path='artifacts/12_09_2025_15_22_56/data_transformation/features/valid_labels.npy', test_label_file_path='artifacts/12_09_2025_15_22_56/data_transformation/features/test_labels.npy', train_spectrogram_image_dir='artifacts/12_09_2025_15_22_56/data_transformation/spectrogram_images/train', valid_spectrogram_image_dir='artifacts/12_09_2025_15_22_56/data_transformation/spectrogram_images/valid', test_spectrogram_image_dir='artifacts/12_09_2025_15_22_56/data_transformation/spectrogram_images/test')
[ 2025-12-09 15:37:08,263 ] 81 root - INFO - === VisionInfantNet: Data Transformation Finished ===
[ 2025-12-09 15:37:08,264 ] 86 root - INFO - === VisionInfantNet: Model Training Started ===
[ 2025-12-09 15:37:08,264 ] 338 root - INFO - ==== Starting Model Trainer for XGB + eGeMAPS + SMOTE ====
[ 2025-12-09 15:37:08,265 ] 102 root - INFO - Loading eGeMAPS (compare) features and labels from artifacts...
[ 2025-12-09 15:37:08,276 ] 126 root - INFO - Shapes - X_train: (3600, 88), X_valid: (3580, 88), X_test: (3590, 88)
[ 2025-12-09 15:37:08,277 ] 129 root - INFO - Shapes - y_train: (3600,), y_valid: (3580,), y_test: (3590,)
[ 2025-12-09 15:37:08,277 ] 172 root - INFO - Encoding string labels with LabelEncoder...
[ 2025-12-09 15:37:08,282 ] 31 root - INFO - Label encoding mapping:
[ 2025-12-09 15:37:08,282 ] 35 root - INFO - Canonical → 0
[ 2025-12-09 15:37:08,282 ] 35 root - INFO - Crying → 1
[ 2025-12-09 15:37:08,282 ] 35 root - INFO - Junk → 2
[ 2025-12-09 15:37:08,283 ] 35 root - INFO - Laughing → 3
[ 2025-12-09 15:37:08,283 ] 35 root - INFO - Non-canonical → 4
[ 2025-12-09 15:37:08,283 ] 182 root - INFO - Fitting SimpleImputer on training data and transforming...
[ 2025-12-09 15:37:08,308 ] 189 root - INFO - Applying SMOTE on training data...
[ 2025-12-09 15:37:08,368 ] 194 root - INFO - Resampled train shape: X_train_res=(7185, 88), y_train_res=(7185,)
[ 2025-12-09 15:37:08,368 ] 146 root - INFO - Building XGBClassifier with fixed best parameters...
[ 2025-12-09 15:37:08,369 ] 202 root - INFO - Training XGBClassifier on resampled training data...
[ 2025-12-09 15:37:14,130 ] 211 root - INFO - Generating predictions for train/valid/test...
[ 2025-12-09 15:37:14,167 ] 217 root - INFO - Computing classification metrics (F1, Precision, Recall, UAR)...
[ 2025-12-09 15:37:14,196 ] 227 root - INFO - Train metrics: F1=0.7796, Precision=0.7909, Recall=0.7764, UAR=0.8158
[ 2025-12-09 15:37:14,196 ] 233 root - INFO - Valid metrics: F1=0.6076, Precision=0.6399, Recall=0.5925, UAR=0.4667
[ 2025-12-09 15:37:14,196 ] 239 root - INFO - Test  metrics: F1=0.5938, Precision=0.6139, Recall=0.5816, UAR=0.4629
[ 2025-12-09 15:37:14,196 ] 247 root - INFO - Saving preprocessing object (imputer) to artifacts/12_09_2025_15_22_56/model_trainer/preprocessing/preprocessing.pkl
[ 2025-12-09 15:37:14,201 ] 256 root - INFO - Saving LabelEncoder to artifacts/12_09_2025_15_22_56/model_trainer/preprocessing/label_encoder.pkl
[ 2025-12-09 15:37:14,203 ] 263 root - INFO - Saving trained XGB model to artifacts/12_09_2025_15_22_56/model_trainer/trained_model/xgb_egemaps_smote_optuna.pkl
[ 2025-12-09 15:37:14,369 ] 276 root - INFO - Saving confusion matrices for train/valid/test...
[ 2025-12-09 15:37:15,616 ] 322 root - INFO - ModelTrainerArtifact: ModelTrainerArtifact(trained_model_file_path='artifacts/12_09_2025_15_22_56/model_trainer/trained_model/xgb_egemaps_smote_optuna.pkl', preprocessing_object_file_path='artifacts/12_09_2025_15_22_56/model_trainer/preprocessing/preprocessing.pkl', label_encoder_file_path='artifacts/12_09_2025_15_22_56/model_trainer/preprocessing/label_encoder.pkl', train_metric_artifact=ClassificationMetricArtifact(f1_score=0.7796433177114547, precision_score=0.790944558611149, recall_score=0.7763888888888889, uar=0.8157837195126032), valid_metric_artifact=ClassificationMetricArtifact(f1_score=0.6076207961595036, precision_score=0.6399212547151218, recall_score=0.5924581005586592, uar=0.4667488981091169), test_metric_artifact=ClassificationMetricArtifact(f1_score=0.5938183153226734, precision_score=0.6139462363389586, recall_score=0.5816155988857938, uar=0.46289987029828944), train_confusion_matrix_path='artifacts/12_09_2025_15_22_56/model_trainer/confusion_matrices/train_cm.png', valid_confusion_matrix_path='artifacts/12_09_2025_15_22_56/model_trainer/confusion_matrices/valid_cm.png', test_confusion_matrix_path='artifacts/12_09_2025_15_22_56/model_trainer/confusion_matrices/test_cm.png')
[ 2025-12-09 15:37:15,621 ] 340 root - INFO - ==== Model Trainer completed successfully ====
[ 2025-12-09 15:37:15,621 ] 96 root - INFO - Model training completed successfully.
[ 2025-12-09 15:37:15,621 ] 97 root - INFO - ModelTrainerArtifact: ModelTrainerArtifact(trained_model_file_path='artifacts/12_09_2025_15_22_56/model_trainer/trained_model/xgb_egemaps_smote_optuna.pkl', preprocessing_object_file_path='artifacts/12_09_2025_15_22_56/model_trainer/preprocessing/preprocessing.pkl', label_encoder_file_path='artifacts/12_09_2025_15_22_56/model_trainer/preprocessing/label_encoder.pkl', train_metric_artifact=ClassificationMetricArtifact(f1_score=0.7796433177114547, precision_score=0.790944558611149, recall_score=0.7763888888888889, uar=0.8157837195126032), valid_metric_artifact=ClassificationMetricArtifact(f1_score=0.6076207961595036, precision_score=0.6399212547151218, recall_score=0.5924581005586592, uar=0.4667488981091169), test_metric_artifact=ClassificationMetricArtifact(f1_score=0.5938183153226734, precision_score=0.6139462363389586, recall_score=0.5816155988857938, uar=0.46289987029828944), train_confusion_matrix_path='artifacts/12_09_2025_15_22_56/model_trainer/confusion_matrices/train_cm.png', valid_confusion_matrix_path='artifacts/12_09_2025_15_22_56/model_trainer/confusion_matrices/valid_cm.png', test_confusion_matrix_path='artifacts/12_09_2025_15_22_56/model_trainer/confusion_matrices/test_cm.png')
[ 2025-12-09 15:37:15,621 ] 101 root - INFO - === VisionInfantNet: Pipeline Finished Successfully ===
