[ 2025-12-09 17:00:56,276 ] 1025 httpx - INFO - HTTP Request: GET https://dagshub.com/api/v1/user "HTTP/1.1 200 OK"
[ 2025-12-09 17:00:56,280 ] 107 dagshub - INFO - Accessing as arunps12
[ 2025-12-09 17:00:56,811 ] 1025 httpx - INFO - HTTP Request: GET https://dagshub.com/api/v1/repos/arunps12/VisionInfantNet "HTTP/1.1 200 OK"
[ 2025-12-09 17:00:57,219 ] 1025 httpx - INFO - HTTP Request: GET https://dagshub.com/api/v1/user "HTTP/1.1 200 OK"
[ 2025-12-09 17:00:57,220 ] 107 dagshub - INFO - Initialized MLflow to track repo "arunps12/VisionInfantNet"
[ 2025-12-09 17:00:57,221 ] 107 dagshub - INFO - Repository arunps12/VisionInfantNet initialized!
[ 2025-12-09 17:02:23,506 ] 125 root - INFO - === /predict endpoint called ===
[ 2025-12-09 17:02:23,511 ] 143 root - INFO - Saved 1 uploaded audio files to uploaded_audio.
[ 2025-12-09 17:02:23,514 ] 66 root - INFO - Using latest model_trainer dir: artifacts/12_09_2025_16_03_43/model_trainer
[ 2025-12-09 17:02:23,514 ] 37 root - INFO - Initializing PredictionPipeline with dir: artifacts/12_09_2025_16_03_43/model_trainer
[ 2025-12-09 17:02:23,910 ] 64 root - INFO - PredictionPipeline initialized successfully.
[ 2025-12-09 17:02:23,910 ] 166 root - INFO - Starting prediction for audio source.
[ 2025-12-09 17:02:23,910 ] 170 root - INFO - Resolved 1 audio files for prediction.
[ 2025-12-09 17:02:23,910 ] 126 root - INFO - Extracting eGeMAPS for 1 files...
[ 2025-12-09 17:02:23,945 ] 134 root - INFO - eGeMAPS feature matrix shape: (1, 88)
[ 2025-12-09 17:02:23,945 ] 176 root - INFO - Applying preprocessing to eGeMAPS features...
[ 2025-12-09 17:02:23,945 ] 180 root - INFO - Running XGBoost model predictions...
[ 2025-12-09 17:02:23,948 ] 184 root - INFO - Decoding predictions with LabelEncoder...
[ 2025-12-09 17:02:23,948 ] 187 root - INFO - Prediction completed successfully.
[ 2025-12-09 17:02:23,949 ] 170 root - INFO - Prediction completed for all uploaded files.
[ 2025-12-09 17:03:30,627 ] 125 root - INFO - === /predict endpoint called ===
[ 2025-12-09 17:03:30,673 ] 143 root - INFO - Saved 3 uploaded audio files to uploaded_audio.
[ 2025-12-09 17:03:30,677 ] 66 root - INFO - Using latest model_trainer dir: artifacts/12_09_2025_16_03_43/model_trainer
[ 2025-12-09 17:03:30,677 ] 37 root - INFO - Initializing PredictionPipeline with dir: artifacts/12_09_2025_16_03_43/model_trainer
[ 2025-12-09 17:03:30,727 ] 64 root - INFO - PredictionPipeline initialized successfully.
[ 2025-12-09 17:03:30,727 ] 166 root - INFO - Starting prediction for audio source.
[ 2025-12-09 17:03:30,727 ] 170 root - INFO - Resolved 3 audio files for prediction.
[ 2025-12-09 17:03:30,727 ] 126 root - INFO - Extracting eGeMAPS for 3 files...
[ 2025-12-09 17:03:30,814 ] 134 root - INFO - eGeMAPS feature matrix shape: (3, 88)
[ 2025-12-09 17:03:30,815 ] 176 root - INFO - Applying preprocessing to eGeMAPS features...
[ 2025-12-09 17:03:30,815 ] 180 root - INFO - Running XGBoost model predictions...
[ 2025-12-09 17:03:30,818 ] 184 root - INFO - Decoding predictions with LabelEncoder...
[ 2025-12-09 17:03:30,819 ] 187 root - INFO - Prediction completed successfully.
[ 2025-12-09 17:03:30,819 ] 170 root - INFO - Prediction completed for all uploaded files.
