[ 2025-12-09 16:03:54,261 ] 1025 httpx - INFO - HTTP Request: GET https://dagshub.com/api/v1/user "HTTP/1.1 200 OK"
[ 2025-12-09 16:03:54,264 ] 107 dagshub - INFO - Accessing as arunps12
[ 2025-12-09 16:03:54,693 ] 1025 httpx - INFO - HTTP Request: GET https://dagshub.com/api/v1/repos/arunps12/VisionInfantNet "HTTP/1.1 200 OK"
[ 2025-12-09 16:03:55,122 ] 1025 httpx - INFO - HTTP Request: GET https://dagshub.com/api/v1/user "HTTP/1.1 200 OK"
[ 2025-12-09 16:03:55,123 ] 107 dagshub - INFO - Initialized MLflow to track repo "arunps12/VisionInfantNet"
[ 2025-12-09 16:03:55,124 ] 107 dagshub - INFO - Repository arunps12/VisionInfantNet initialized!
[ 2025-12-09 16:03:55,124 ] 25 root - INFO - === VisionInfantNet: Data Ingestion Pipeline Started ===
[ 2025-12-09 16:03:55,124 ] 32 root - INFO - Initiating data ingestion...
[ 2025-12-09 16:03:55,125 ] 141 root - INFO - ===== Data Ingestion Started =====
[ 2025-12-09 16:03:55,242 ] 41 root - INFO - Loaded metadata (13478 rows) and saved snapshot to: artifacts/12_09_2025_16_03_43/data_ingestion/full_metadata.csv
[ 2025-12-09 16:03:55,242 ] 55 root - INFO - Starting child-disjoint splitting...
[ 2025-12-09 16:03:55,253 ] 87 root - INFO - train split created with 3600 samples.
[ 2025-12-09 16:03:55,263 ] 87 root - INFO - valid split created with 3580 samples.
[ 2025-12-09 16:03:55,272 ] 87 root - INFO - test split created with 3590 samples.
[ 2025-12-09 16:04:07,712 ] 112 root - INFO - Copied 3600 audio files to: artifacts/12_09_2025_16_03_43/data_ingestion/ingested_audio/train
[ 2025-12-09 16:04:19,652 ] 112 root - INFO - Copied 3580 audio files to: artifacts/12_09_2025_16_03_43/data_ingestion/ingested_audio/valid
[ 2025-12-09 16:04:31,519 ] 112 root - INFO - Copied 3590 audio files to: artifacts/12_09_2025_16_03_43/data_ingestion/ingested_audio/test
[ 2025-12-09 16:04:31,570 ] 131 root - INFO - Saved metadata: artifacts/12_09_2025_16_03_43/data_ingestion/ingested_metadata/train.csv (3600 rows)
[ 2025-12-09 16:04:31,615 ] 131 root - INFO - Saved metadata: artifacts/12_09_2025_16_03_43/data_ingestion/ingested_metadata/valid.csv (3580 rows)
[ 2025-12-09 16:04:31,656 ] 131 root - INFO - Saved metadata: artifacts/12_09_2025_16_03_43/data_ingestion/ingested_metadata/test.csv (3590 rows)
[ 2025-12-09 16:04:31,657 ] 159 root - INFO - ===== Data Ingestion Completed Successfully =====
[ 2025-12-09 16:04:31,658 ] 34 root - INFO - Data ingestion completed successfully.
[ 2025-12-09 16:04:31,659 ] 35 root - INFO - DataIngestionArtifact: DataIngestionArtifact(train_metadata_path='artifacts/12_09_2025_16_03_43/data_ingestion/ingested_metadata/train.csv', valid_metadata_path='artifacts/12_09_2025_16_03_43/data_ingestion/ingested_metadata/valid.csv', test_metadata_path='artifacts/12_09_2025_16_03_43/data_ingestion/ingested_metadata/test.csv', train_audio_dir='artifacts/12_09_2025_16_03_43/data_ingestion/ingested_audio/train', valid_audio_dir='artifacts/12_09_2025_16_03_43/data_ingestion/ingested_audio/valid', test_audio_dir='artifacts/12_09_2025_16_03_43/data_ingestion/ingested_audio/test')
[ 2025-12-09 16:04:31,659 ] 39 root - INFO - === VisionInfantNet: Data Ingestion Pipeline Finished ===
[ 2025-12-09 16:04:31,659 ] 44 root - INFO - === VisionInfantNet: Data Validation Started ===
[ 2025-12-09 16:04:31,660 ] 52 root - INFO - Initiating data validation...
[ 2025-12-09 16:04:31,660 ] 323 root - INFO - ===== Data Validation Started =====
[ 2025-12-09 16:04:31,692 ] 334 root - INFO - Schema/label/dtype validation OK? True
[ 2025-12-09 16:04:31,692 ] 338 root - INFO - Child-disjoint validation OK? True
[ 2025-12-09 16:04:43,112 ] 342 root - INFO - Audio validation OK? True
[ 2025-12-09 16:04:43,276 ] 355 root - INFO - ===== Data Validation Completed =====
[ 2025-12-09 16:04:43,277 ] 55 root - INFO - Data validation completed successfully.
[ 2025-12-09 16:04:43,277 ] 56 root - INFO - DataValidationArtifact: DataValidationArtifact(validation_status=True, report_file_path='artifacts/12_09_2025_16_03_43/data_validation/validation_report.yaml', drift_report_file_path='artifacts/12_09_2025_16_03_43/data_validation/drift_report/drift_report.yaml', validated_train_metadata_path='artifacts/12_09_2025_16_03_43/data_validation/validated/metadata/train.csv', validated_validation_metadata_path='artifacts/12_09_2025_16_03_43/data_validation/validated/metadata/valid.csv', validated_test_metadata_path='artifacts/12_09_2025_16_03_43/data_validation/validated/metadata/test.csv', invalid_train_metadata_path='artifacts/12_09_2025_16_03_43/data_validation/invalid/metadata/invalid_train_metadata.csv', invalid_validation_metadata_path='artifacts/12_09_2025_16_03_43/data_validation/invalid/metadata/invalid_valid_metadata.csv', invalid_test_metadata_path='artifacts/12_09_2025_16_03_43/data_validation/invalid/metadata/invalid_test_metadata.csv', validated_train_audio_dir='artifacts/12_09_2025_16_03_43/data_ingestion/ingested_audio/train', validated_validation_audio_dir='artifacts/12_09_2025_16_03_43/data_ingestion/ingested_audio/valid', validated_test_audio_dir='artifacts/12_09_2025_16_03_43/data_ingestion/ingested_audio/test')
[ 2025-12-09 16:04:43,277 ] 60 root - INFO - === VisionInfantNet: Data Validation Finished ===
[ 2025-12-09 16:04:43,320 ] 65 root - INFO - === VisionInfantNet: Data Transformation Started ===
[ 2025-12-09 16:04:43,321 ] 341 root - INFO - Loading ResNet50 model for image embeddings...
[ 2025-12-09 16:04:43,639 ] 217 timm.models._builder - INFO - Loading pretrained weights from Hugging Face hub (timm/resnet50.a1_in1k)
[ 2025-12-09 16:04:43,793 ] 1025 httpx - INFO - HTTP Request: HEAD https://huggingface.co/timm/resnet50.a1_in1k/resolve/main/model.safetensors "HTTP/1.1 302 Found"
[ 2025-12-09 16:04:43,797 ] 232 timm.models._hub - INFO - [timm/resnet50.a1_in1k] Safe alternative available for 'pytorch_model.bin' (as 'model.safetensors'). Loading weights using safetensors.
[ 2025-12-09 16:04:44,187 ] 344 root - INFO - Loading PANNs CNN14 model for audio embeddings...
[ 2025-12-09 16:04:46,216 ] 347 root - INFO - Loading YAMNet model for audio embeddings...
[ 2025-12-09 16:04:46,216 ] 351 root - INFO - Initializing BoAW and Fisher Vector encoders...
[ 2025-12-09 16:04:46,217 ] 73 root - INFO - Initiating data transformation...
[ 2025-12-09 16:04:46,217 ] 532 root - INFO - ===== Data Transformation Started =====
[ 2025-12-09 16:04:46,246 ] 370 root - INFO - Loaded validated metadata: train=3600, valid=3580, test=3590
[ 2025-12-09 16:04:46,246 ] 542 root - INFO - Extracting base features for TRAIN split...
[ 2025-12-09 16:04:46,249 ] 442 root - INFO - Extracting base features for split with 3600 files...
[ 2025-12-09 16:08:21,584 ] 547 root - INFO - Extracting base features for VALIDATION split...
[ 2025-12-09 16:08:21,588 ] 442 root - INFO - Extracting base features for split with 3580 files...
[ 2025-12-09 16:11:53,277 ] 552 root - INFO - Extracting base features for TEST split...
[ 2025-12-09 16:11:53,280 ] 442 root - INFO - Extracting base features for split with 3590 files...
[ 2025-12-09 16:15:29,066 ] 560 root - INFO - Fitting BoAW encoder (KMeans) on TRAIN MFCC LLDs...
[ 2025-12-09 16:16:21,577 ] 563 root - INFO - Fitting Fisher Vector encoder (GMM) on TRAIN MFCC LLDs...
[ 2025-12-09 16:16:22,883 ] 582 root - INFO - Computing BoAW & FV for TRAIN...
[ 2025-12-09 16:16:26,057 ] 585 root - INFO - Computing BoAW & FV for VALIDATION...
[ 2025-12-09 16:16:29,095 ] 588 root - INFO - Computing BoAW & FV for TEST...
[ 2025-12-09 16:16:32,197 ] 605 root - INFO - Creating feature directory if needed...
[ 2025-12-09 16:17:12,701 ] 718 root - INFO - ===== Data Transformation Completed Successfully =====
[ 2025-12-09 16:17:12,730 ] 76 root - INFO - Data transformation completed successfully.
[ 2025-12-09 16:17:12,730 ] 77 root - INFO - DataTransformationArtifact: DataTransformationArtifact(train_image_feature_file_path='artifacts/12_09_2025_16_03_43/data_transformation/features/train_image_features.npy', valid_image_feature_file_path='artifacts/12_09_2025_16_03_43/data_transformation/features/valid_image_features.npy', test_image_feature_file_path='artifacts/12_09_2025_16_03_43/data_transformation/features/test_image_features.npy', train_spectrogram_feature_file_path='artifacts/12_09_2025_16_03_43/data_transformation/features/train_melspectrogram_features.npy', valid_spectrogram_feature_file_path='artifacts/12_09_2025_16_03_43/data_transformation/features/valid_melspectrogram_features.npy', test_spectrogram_feature_file_path='artifacts/12_09_2025_16_03_43/data_transformation/features/test_melspectrogram_features.npy', train_compare_feature_file_path='artifacts/12_09_2025_16_03_43/data_transformation/features/train_compare_features.npy', valid_compare_feature_file_path='artifacts/12_09_2025_16_03_43/data_transformation/features/valid_compare_features.npy', test_compare_feature_file_path='artifacts/12_09_2025_16_03_43/data_transformation/features/test_compare_features.npy', train_boaw_feature_file_path='artifacts/12_09_2025_16_03_43/data_transformation/features/train_boaw_features.npy', valid_boaw_feature_file_path='artifacts/12_09_2025_16_03_43/data_transformation/features/valid_boaw_features.npy', test_boaw_feature_file_path='artifacts/12_09_2025_16_03_43/data_transformation/features/test_boaw_features.npy', train_audeep_feature_file_path='artifacts/12_09_2025_16_03_43/data_transformation/features/train_audeep_features.npy', valid_audeep_feature_file_path='artifacts/12_09_2025_16_03_43/data_transformation/features/valid_audeep_features.npy', test_audeep_feature_file_path='artifacts/12_09_2025_16_03_43/data_transformation/features/test_audeep_features.npy', train_fv_feature_file_path='artifacts/12_09_2025_16_03_43/data_transformation/features/train_fv_features.npy', valid_fv_feature_file_path='artifacts/12_09_2025_16_03_43/data_transformation/features/valid_fv_features.npy', test_fv_feature_file_path='artifacts/12_09_2025_16_03_43/data_transformation/features/test_fv_features.npy', train_panns_feature_file_path='artifacts/12_09_2025_16_03_43/data_transformation/features/train_panns_features.npy', valid_panns_feature_file_path='artifacts/12_09_2025_16_03_43/data_transformation/features/valid_panns_features.npy', test_panns_feature_file_path='artifacts/12_09_2025_16_03_43/data_transformation/features/test_panns_features.npy', train_yamnet_feature_file_path='artifacts/12_09_2025_16_03_43/data_transformation/features/train_yamnet_features.npy', valid_yamnet_feature_file_path='artifacts/12_09_2025_16_03_43/data_transformation/features/valid_yamnet_features.npy', test_yamnet_feature_file_path='artifacts/12_09_2025_16_03_43/data_transformation/features/test_yamnet_features.npy', train_image_embedding_file_path='artifacts/12_09_2025_16_03_43/data_transformation/features/train_image_embeddings.npy', valid_image_embedding_file_path='artifacts/12_09_2025_16_03_43/data_transformation/features/valid_image_embeddings.npy', test_image_embedding_file_path='artifacts/12_09_2025_16_03_43/data_transformation/features/test_image_embeddings.npy', train_label_file_path='artifacts/12_09_2025_16_03_43/data_transformation/features/train_labels.npy', valid_label_file_path='artifacts/12_09_2025_16_03_43/data_transformation/features/valid_labels.npy', test_label_file_path='artifacts/12_09_2025_16_03_43/data_transformation/features/test_labels.npy', train_spectrogram_image_dir='artifacts/12_09_2025_16_03_43/data_transformation/spectrogram_images/train', valid_spectrogram_image_dir='artifacts/12_09_2025_16_03_43/data_transformation/spectrogram_images/valid', test_spectrogram_image_dir='artifacts/12_09_2025_16_03_43/data_transformation/spectrogram_images/test')
[ 2025-12-09 16:17:12,730 ] 81 root - INFO - === VisionInfantNet: Data Transformation Finished ===
[ 2025-12-09 16:17:12,730 ] 86 root - INFO - === VisionInfantNet: Model Training Started ===
[ 2025-12-09 16:17:12,731 ] 416 root - INFO - ==== Starting Model Trainer for XGB + eGeMAPS + SMOTE ====
[ 2025-12-09 16:17:12,731 ] 113 root - INFO - Loading eGeMAPS (compare) features and labels from artifacts...
[ 2025-12-09 16:17:12,742 ] 137 root - INFO - Shapes - X_train: (3600, 88), X_valid: (3580, 88), X_test: (3590, 88)
[ 2025-12-09 16:17:12,743 ] 140 root - INFO - Shapes - y_train: (3600,), y_valid: (3580,), y_test: (3590,)
[ 2025-12-09 16:17:12,743 ] 242 root - INFO - Encoding string labels with LabelEncoder...
[ 2025-12-09 16:17:12,748 ] 31 root - INFO - Label encoding mapping:
[ 2025-12-09 16:17:12,748 ] 35 root - INFO - Canonical → 0
[ 2025-12-09 16:17:12,748 ] 35 root - INFO - Crying → 1
[ 2025-12-09 16:17:12,749 ] 35 root - INFO - Junk → 2
[ 2025-12-09 16:17:12,749 ] 35 root - INFO - Laughing → 3
[ 2025-12-09 16:17:12,749 ] 35 root - INFO - Non-canonical → 4
[ 2025-12-09 16:17:12,750 ] 252 root - INFO - Fitting SimpleImputer on training data and transforming...
[ 2025-12-09 16:17:12,776 ] 259 root - INFO - Applying SMOTE on training data...
[ 2025-12-09 16:17:12,836 ] 264 root - INFO - Resampled train shape: X_train_res=(7185, 88), y_train_res=(7185,)
[ 2025-12-09 16:17:12,836 ] 272 root - INFO - Training XGBClassifier on resampled training data...
[ 2025-12-09 16:17:18,943 ] 281 root - INFO - Generating predictions for train/valid/test...
[ 2025-12-09 16:17:18,981 ] 287 root - INFO - Computing classification metrics (F1, Precision, Recall, UAR)...
[ 2025-12-09 16:17:19,008 ] 297 root - INFO - Train metrics: F1=0.7796, Precision=0.7909, Recall=0.7764, UAR=0.8158
[ 2025-12-09 16:17:19,008 ] 303 root - INFO - Valid metrics: F1=0.6076, Precision=0.6399, Recall=0.5925, UAR=0.4667
[ 2025-12-09 16:17:19,008 ] 309 root - INFO - Test  metrics: F1=0.5938, Precision=0.6139, Recall=0.5816, UAR=0.4629
[ 2025-12-09 16:17:19,008 ] 317 root - INFO - Saving preprocessing object (imputer) to artifacts/12_09_2025_16_03_43/model_trainer/preprocessing/preprocessing.pkl
[ 2025-12-09 16:17:19,012 ] 326 root - INFO - Saving LabelEncoder to artifacts/12_09_2025_16_03_43/model_trainer/preprocessing/label_encoder.pkl
[ 2025-12-09 16:17:19,014 ] 333 root - INFO - Saving trained XGB model to artifacts/12_09_2025_16_03_43/model_trainer/trained_model/xgb_egemaps_smote_optuna.pkl
[ 2025-12-09 16:17:19,124 ] 346 root - INFO - Saving confusion matrices for train/valid/test...
[ 2025-12-09 16:17:50,715 ] 400 root - INFO - ModelTrainerArtifact: ModelTrainerArtifact(trained_model_file_path='artifacts/12_09_2025_16_03_43/model_trainer/trained_model/xgb_egemaps_smote_optuna.pkl', preprocessing_object_file_path='artifacts/12_09_2025_16_03_43/model_trainer/preprocessing/preprocessing.pkl', label_encoder_file_path='artifacts/12_09_2025_16_03_43/model_trainer/preprocessing/label_encoder.pkl', train_metric_artifact=ClassificationMetricArtifact(f1_score=0.7796433177114547, precision_score=0.790944558611149, recall_score=0.7763888888888889, uar=0.8157837195126032), valid_metric_artifact=ClassificationMetricArtifact(f1_score=0.6076207961595036, precision_score=0.6399212547151218, recall_score=0.5924581005586592, uar=0.4667488981091169), test_metric_artifact=ClassificationMetricArtifact(f1_score=0.5938183153226734, precision_score=0.6139462363389586, recall_score=0.5816155988857938, uar=0.46289987029828944), train_confusion_matrix_path='artifacts/12_09_2025_16_03_43/model_trainer/confusion_matrices/train_cm.png', valid_confusion_matrix_path='artifacts/12_09_2025_16_03_43/model_trainer/confusion_matrices/valid_cm.png', test_confusion_matrix_path='artifacts/12_09_2025_16_03_43/model_trainer/confusion_matrices/test_cm.png')
[ 2025-12-09 16:17:50,720 ] 418 root - INFO - ==== Model Trainer completed successfully ====
[ 2025-12-09 16:17:50,720 ] 96 root - INFO - Model training completed successfully.
[ 2025-12-09 16:17:50,721 ] 97 root - INFO - ModelTrainerArtifact: ModelTrainerArtifact(trained_model_file_path='artifacts/12_09_2025_16_03_43/model_trainer/trained_model/xgb_egemaps_smote_optuna.pkl', preprocessing_object_file_path='artifacts/12_09_2025_16_03_43/model_trainer/preprocessing/preprocessing.pkl', label_encoder_file_path='artifacts/12_09_2025_16_03_43/model_trainer/preprocessing/label_encoder.pkl', train_metric_artifact=ClassificationMetricArtifact(f1_score=0.7796433177114547, precision_score=0.790944558611149, recall_score=0.7763888888888889, uar=0.8157837195126032), valid_metric_artifact=ClassificationMetricArtifact(f1_score=0.6076207961595036, precision_score=0.6399212547151218, recall_score=0.5924581005586592, uar=0.4667488981091169), test_metric_artifact=ClassificationMetricArtifact(f1_score=0.5938183153226734, precision_score=0.6139462363389586, recall_score=0.5816155988857938, uar=0.46289987029828944), train_confusion_matrix_path='artifacts/12_09_2025_16_03_43/model_trainer/confusion_matrices/train_cm.png', valid_confusion_matrix_path='artifacts/12_09_2025_16_03_43/model_trainer/confusion_matrices/valid_cm.png', test_confusion_matrix_path='artifacts/12_09_2025_16_03_43/model_trainer/confusion_matrices/test_cm.png')
[ 2025-12-09 16:17:50,721 ] 101 root - INFO - === VisionInfantNet: Pipeline Finished Successfully ===
