[ 2025-12-01 17:50:22,454 ] 12 root - INFO - === VisionInfantNet: Data Ingestion Pipeline Started ===
[ 2025-12-01 17:50:22,454 ] 23 root - INFO - Initiating data ingestion...
[ 2025-12-01 17:50:22,454 ] 141 root - INFO - ===== Data Ingestion Started =====
[ 2025-12-01 17:50:22,564 ] 41 root - INFO - Loaded metadata (13478 rows) and saved snapshot to: artifacts/12_01_2025_17_50_22/data_ingestion/full_metadata.csv
[ 2025-12-01 17:50:22,564 ] 55 root - INFO - Starting child-disjoint splitting...
[ 2025-12-01 17:50:22,574 ] 87 root - INFO - train split created with 3600 samples.
[ 2025-12-01 17:50:22,582 ] 87 root - INFO - valid split created with 3580 samples.
[ 2025-12-01 17:50:22,589 ] 87 root - INFO - test split created with 3590 samples.
[ 2025-12-01 17:50:46,699 ] 112 root - INFO - Copied 3600 audio files to: artifacts/12_01_2025_17_50_22/data_ingestion/ingested_audio/train
[ 2025-12-01 17:51:09,740 ] 112 root - INFO - Copied 3580 audio files to: artifacts/12_01_2025_17_50_22/data_ingestion/ingested_audio/valid
[ 2025-12-01 17:51:32,784 ] 112 root - INFO - Copied 3590 audio files to: artifacts/12_01_2025_17_50_22/data_ingestion/ingested_audio/test
[ 2025-12-01 17:51:32,884 ] 131 root - INFO - Saved metadata: artifacts/12_01_2025_17_50_22/data_ingestion/ingested_metadata/train.csv (3600 rows)
[ 2025-12-01 17:51:32,956 ] 131 root - INFO - Saved metadata: artifacts/12_01_2025_17_50_22/data_ingestion/ingested_metadata/valid.csv (3580 rows)
[ 2025-12-01 17:51:33,017 ] 131 root - INFO - Saved metadata: artifacts/12_01_2025_17_50_22/data_ingestion/ingested_metadata/test.csv (3590 rows)
[ 2025-12-01 17:51:33,017 ] 159 root - INFO - ===== Data Ingestion Completed Successfully =====
[ 2025-12-01 17:51:33,020 ] 25 root - INFO - Data ingestion completed successfully.
[ 2025-12-01 17:51:33,020 ] 29 root - INFO - === VisionInfantNet: Data Ingestion Pipeline Finished ===
[ 2025-12-01 17:51:33,021 ] 31 root - INFO - === VisionInfantNet: Data Validation Started ===
[ 2025-12-01 17:51:33,022 ] 39 root - INFO - Initiating data validation...
[ 2025-12-01 17:51:33,022 ] 323 root - INFO - ===== Data Validation Started =====
[ 2025-12-01 17:51:33,058 ] 334 root - INFO - Schema/label/dtype validation OK? True
[ 2025-12-01 17:51:33,059 ] 338 root - INFO - Child-disjoint validation OK? True
[ 2025-12-01 17:51:45,107 ] 342 root - INFO - Audio validation OK? True
[ 2025-12-01 17:51:45,218 ] 355 root - INFO - ===== Data Validation Completed =====
[ 2025-12-01 17:51:45,218 ] 42 root - INFO - Data validation completed successfully.
[ 2025-12-01 17:51:45,219 ] 43 root - INFO - DataValidationArtifact: DataValidationArtifact(validation_status=True, report_file_path='artifacts/12_01_2025_17_50_22/data_validation/validation_report.yaml', drift_report_file_path='artifacts/12_01_2025_17_50_22/data_validation/drift_report/drift_report.yaml', validated_train_metadata_path='artifacts/12_01_2025_17_50_22/data_validation/validated/metadata/train.csv', validated_validation_metadata_path='artifacts/12_01_2025_17_50_22/data_validation/validated/metadata/valid.csv', validated_test_metadata_path='artifacts/12_01_2025_17_50_22/data_validation/validated/metadata/test.csv', invalid_train_metadata_path='artifacts/12_01_2025_17_50_22/data_validation/invalid/metadata/invalid_train_metadata.csv', invalid_validation_metadata_path='artifacts/12_01_2025_17_50_22/data_validation/invalid/metadata/invalid_valid_metadata.csv', invalid_test_metadata_path='artifacts/12_01_2025_17_50_22/data_validation/invalid/metadata/invalid_test_metadata.csv', validated_train_audio_dir='artifacts/12_01_2025_17_50_22/data_ingestion/ingested_audio/train', validated_validation_audio_dir='artifacts/12_01_2025_17_50_22/data_ingestion/ingested_audio/valid', validated_test_audio_dir='artifacts/12_01_2025_17_50_22/data_ingestion/ingested_audio/test')
[ 2025-12-01 17:51:45,220 ] 47 root - INFO - === VisionInfantNet: Data Validation Finished ===
