[ 2025-12-01 17:44:59,453 ] 12 root - INFO - === VisionInfantNet: Data Ingestion Pipeline Started ===
[ 2025-12-01 17:44:59,453 ] 23 root - INFO - Initiating data ingestion...
[ 2025-12-01 17:44:59,453 ] 141 root - INFO - ===== Data Ingestion Started =====
[ 2025-12-01 17:44:59,560 ] 41 root - INFO - Loaded metadata (13478 rows) and saved snapshot to: artifacts/12_01_2025_17_44_59/data_ingestion/full_metadata.csv
[ 2025-12-01 17:44:59,560 ] 55 root - INFO - Starting child-disjoint splitting...
[ 2025-12-01 17:44:59,570 ] 87 root - INFO - train split created with 3600 samples.
[ 2025-12-01 17:44:59,577 ] 87 root - INFO - valid split created with 3580 samples.
[ 2025-12-01 17:44:59,585 ] 87 root - INFO - test split created with 3590 samples.
[ 2025-12-01 17:45:25,455 ] 112 root - INFO - Copied 3600 audio files to: artifacts/12_01_2025_17_44_59/data_ingestion/ingested_audio/train
[ 2025-12-01 17:45:50,214 ] 112 root - INFO - Copied 3580 audio files to: artifacts/12_01_2025_17_44_59/data_ingestion/ingested_audio/valid
[ 2025-12-01 17:46:15,592 ] 112 root - INFO - Copied 3590 audio files to: artifacts/12_01_2025_17_44_59/data_ingestion/ingested_audio/test
[ 2025-12-01 17:46:15,645 ] 131 root - INFO - Saved metadata: artifacts/12_01_2025_17_44_59/data_ingestion/ingested_metadata/train.csv (3600 rows)
[ 2025-12-01 17:46:15,693 ] 131 root - INFO - Saved metadata: artifacts/12_01_2025_17_44_59/data_ingestion/ingested_metadata/valid.csv (3580 rows)
[ 2025-12-01 17:46:15,740 ] 131 root - INFO - Saved metadata: artifacts/12_01_2025_17_44_59/data_ingestion/ingested_metadata/test.csv (3590 rows)
[ 2025-12-01 17:46:15,741 ] 159 root - INFO - ===== Data Ingestion Completed Successfully =====
[ 2025-12-01 17:46:15,742 ] 25 root - INFO - Data ingestion completed successfully.
[ 2025-12-01 17:46:15,743 ] 29 root - INFO - === VisionInfantNet: Data Ingestion Pipeline Finished ===
[ 2025-12-01 17:46:15,743 ] 31 root - INFO - === VisionInfantNet: Data Validation Started ===
[ 2025-12-01 17:46:15,744 ] 39 root - INFO - Initiating data validation...
[ 2025-12-01 17:46:15,745 ] 323 root - INFO - ===== Data Validation Started =====
[ 2025-12-01 17:46:15,780 ] 334 root - INFO - Schema/label/dtype validation OK? False
[ 2025-12-01 17:46:15,781 ] 338 root - INFO - Child-disjoint validation OK? True
[ 2025-12-01 17:46:43,331 ] 342 root - INFO - Audio validation OK? True
[ 2025-12-01 17:46:43,525 ] 355 root - INFO - ===== Data Validation Completed =====
[ 2025-12-01 17:46:43,526 ] 42 root - INFO - Data validation completed successfully.
[ 2025-12-01 17:46:43,527 ] 43 root - INFO - DataValidationArtifact: DataValidationArtifact(validation_status=False, report_file_path='artifacts/12_01_2025_17_44_59/data_validation/validation_report.yaml', drift_report_file_path='artifacts/12_01_2025_17_44_59/data_validation/drift_report/drift_report.yaml', validated_train_metadata_path='artifacts/12_01_2025_17_44_59/data_validation/validated/metadata/train.csv', validated_validation_metadata_path='artifacts/12_01_2025_17_44_59/data_validation/validated/metadata/valid.csv', validated_test_metadata_path='artifacts/12_01_2025_17_44_59/data_validation/validated/metadata/test.csv', invalid_train_metadata_path='artifacts/12_01_2025_17_44_59/data_validation/invalid/metadata/invalid_train_metadata.csv', invalid_validation_metadata_path='artifacts/12_01_2025_17_44_59/data_validation/invalid/metadata/invalid_valid_metadata.csv', invalid_test_metadata_path='artifacts/12_01_2025_17_44_59/data_validation/invalid/metadata/invalid_test_metadata.csv', validated_train_audio_dir='artifacts/12_01_2025_17_44_59/data_ingestion/ingested_audio/train', validated_validation_audio_dir='artifacts/12_01_2025_17_44_59/data_ingestion/ingested_audio/valid', validated_test_audio_dir='artifacts/12_01_2025_17_44_59/data_ingestion/ingested_audio/test')
[ 2025-12-01 17:46:43,527 ] 47 root - INFO - === VisionInfantNet: Data Validation Finished ===
