[ 2025-12-06 14:47:36,470 ] 18 root - INFO - === VisionInfantNet: Data Ingestion Pipeline Started ===
[ 2025-12-06 14:47:36,471 ] 29 root - INFO - Initiating data ingestion...
[ 2025-12-06 14:47:36,472 ] 141 root - INFO - ===== Data Ingestion Started =====
[ 2025-12-06 14:47:36,617 ] 41 root - INFO - Loaded metadata (13478 rows) and saved snapshot to: artifacts/12_06_2025_14_47_14/data_ingestion/full_metadata.csv
[ 2025-12-06 14:47:36,618 ] 55 root - INFO - Starting child-disjoint splitting...
[ 2025-12-06 14:47:36,631 ] 87 root - INFO - train split created with 3600 samples.
[ 2025-12-06 14:47:36,639 ] 87 root - INFO - valid split created with 3580 samples.
[ 2025-12-06 14:47:36,646 ] 87 root - INFO - test split created with 3590 samples.
[ 2025-12-06 14:48:06,767 ] 112 root - INFO - Copied 3600 audio files to: artifacts/12_06_2025_14_47_14/data_ingestion/ingested_audio/train
[ 2025-12-06 14:48:20,032 ] 112 root - INFO - Copied 3580 audio files to: artifacts/12_06_2025_14_47_14/data_ingestion/ingested_audio/valid
[ 2025-12-06 14:48:33,321 ] 112 root - INFO - Copied 3590 audio files to: artifacts/12_06_2025_14_47_14/data_ingestion/ingested_audio/test
[ 2025-12-06 14:48:33,353 ] 131 root - INFO - Saved metadata: artifacts/12_06_2025_14_47_14/data_ingestion/ingested_metadata/train.csv (3600 rows)
[ 2025-12-06 14:48:33,422 ] 131 root - INFO - Saved metadata: artifacts/12_06_2025_14_47_14/data_ingestion/ingested_metadata/valid.csv (3580 rows)
[ 2025-12-06 14:48:33,448 ] 131 root - INFO - Saved metadata: artifacts/12_06_2025_14_47_14/data_ingestion/ingested_metadata/test.csv (3590 rows)
[ 2025-12-06 14:48:33,448 ] 159 root - INFO - ===== Data Ingestion Completed Successfully =====
[ 2025-12-06 14:48:33,450 ] 31 root - INFO - Data ingestion completed successfully.
[ 2025-12-06 14:48:33,450 ] 32 root - INFO - DataIngestionArtifact: DataIngestionArtifact(train_metadata_path='artifacts/12_06_2025_14_47_14/data_ingestion/ingested_metadata/train.csv', valid_metadata_path='artifacts/12_06_2025_14_47_14/data_ingestion/ingested_metadata/valid.csv', test_metadata_path='artifacts/12_06_2025_14_47_14/data_ingestion/ingested_metadata/test.csv', train_audio_dir='artifacts/12_06_2025_14_47_14/data_ingestion/ingested_audio/train', valid_audio_dir='artifacts/12_06_2025_14_47_14/data_ingestion/ingested_audio/valid', test_audio_dir='artifacts/12_06_2025_14_47_14/data_ingestion/ingested_audio/test')
[ 2025-12-06 14:48:33,450 ] 36 root - INFO - === VisionInfantNet: Data Ingestion Pipeline Finished ===
[ 2025-12-06 14:48:33,451 ] 38 root - INFO - === VisionInfantNet: Data Validation Started ===
[ 2025-12-06 14:48:33,451 ] 46 root - INFO - Initiating data validation...
[ 2025-12-06 14:48:33,451 ] 323 root - INFO - ===== Data Validation Started =====
[ 2025-12-06 14:48:33,487 ] 334 root - INFO - Schema/label/dtype validation OK? True
[ 2025-12-06 14:48:33,487 ] 338 root - INFO - Child-disjoint validation OK? True
[ 2025-12-06 14:49:04,072 ] 342 root - INFO - Audio validation OK? True
[ 2025-12-06 14:49:04,241 ] 355 root - INFO - ===== Data Validation Completed =====
[ 2025-12-06 14:49:04,242 ] 49 root - INFO - Data validation completed successfully.
[ 2025-12-06 14:49:04,242 ] 50 root - INFO - DataValidationArtifact: DataValidationArtifact(validation_status=True, report_file_path='artifacts/12_06_2025_14_47_14/data_validation/validation_report.yaml', drift_report_file_path='artifacts/12_06_2025_14_47_14/data_validation/drift_report/drift_report.yaml', validated_train_metadata_path='artifacts/12_06_2025_14_47_14/data_validation/validated/metadata/train.csv', validated_validation_metadata_path='artifacts/12_06_2025_14_47_14/data_validation/validated/metadata/valid.csv', validated_test_metadata_path='artifacts/12_06_2025_14_47_14/data_validation/validated/metadata/test.csv', invalid_train_metadata_path='artifacts/12_06_2025_14_47_14/data_validation/invalid/metadata/invalid_train_metadata.csv', invalid_validation_metadata_path='artifacts/12_06_2025_14_47_14/data_validation/invalid/metadata/invalid_valid_metadata.csv', invalid_test_metadata_path='artifacts/12_06_2025_14_47_14/data_validation/invalid/metadata/invalid_test_metadata.csv', validated_train_audio_dir='artifacts/12_06_2025_14_47_14/data_ingestion/ingested_audio/train', validated_validation_audio_dir='artifacts/12_06_2025_14_47_14/data_ingestion/ingested_audio/valid', validated_test_audio_dir='artifacts/12_06_2025_14_47_14/data_ingestion/ingested_audio/test')
[ 2025-12-06 14:49:04,243 ] 54 root - INFO - === VisionInfantNet: Data Validation Finished ===
[ 2025-12-06 14:49:04,296 ] 57 root - INFO - === VisionInfantNet: Data Transforamtion Started ===
[ 2025-12-06 14:49:04,297 ] 341 root - INFO - Loading ResNet50 model for image embeddings...
[ 2025-12-06 14:49:04,604 ] 217 timm.models._builder - INFO - Loading pretrained weights from Hugging Face hub (timm/resnet50.a1_in1k)
[ 2025-12-06 14:49:05,481 ] 1025 httpx - INFO - HTTP Request: HEAD https://huggingface.co/timm/resnet50.a1_in1k/resolve/main/model.safetensors "HTTP/1.1 302 Found"
[ 2025-12-06 14:49:05,492 ] 232 timm.models._hub - INFO - [timm/resnet50.a1_in1k] Safe alternative available for 'pytorch_model.bin' (as 'model.safetensors'). Loading weights using safetensors.
[ 2025-12-06 14:49:06,125 ] 344 root - INFO - Loading PANNs CNN14 model for audio embeddings...
[ 2025-12-06 14:50:42,667 ] 347 root - INFO - Loading YAMNet model for audio embeddings...
[ 2025-12-06 14:50:42,668 ] 351 root - INFO - Initializing BoAW and Fisher Vector encoders...
[ 2025-12-06 14:50:42,668 ] 63 root - INFO - Initiating data transforamtion...
[ 2025-12-06 14:50:42,668 ] 532 root - INFO - ===== Data Transformation Started =====
[ 2025-12-06 14:50:42,699 ] 370 root - INFO - Loaded validated metadata: train=3600, valid=3580, test=3590
[ 2025-12-06 14:50:42,699 ] 542 root - INFO - Extracting base features for TRAIN split...
[ 2025-12-06 14:50:42,702 ] 442 root - INFO - Extracting base features for split with 3600 files...
[ 2025-12-06 14:54:17,515 ] 547 root - INFO - Extracting base features for VALIDATION split...
[ 2025-12-06 14:54:17,517 ] 442 root - INFO - Extracting base features for split with 3580 files...
[ 2025-12-06 14:57:47,822 ] 552 root - INFO - Extracting base features for TEST split...
[ 2025-12-06 14:57:47,824 ] 442 root - INFO - Extracting base features for split with 3590 files...
[ 2025-12-06 15:01:21,475 ] 560 root - INFO - Fitting BoAW encoder (KMeans) on TRAIN MFCC LLDs...
[ 2025-12-06 15:02:14,456 ] 563 root - INFO - Fitting Fisher Vector encoder (GMM) on TRAIN MFCC LLDs...
[ 2025-12-06 15:02:15,762 ] 582 root - INFO - Computing BoAW & FV for TRAIN...
[ 2025-12-06 15:02:18,897 ] 585 root - INFO - Computing BoAW & FV for VALIDATION...
[ 2025-12-06 15:02:21,933 ] 588 root - INFO - Computing BoAW & FV for TEST...
[ 2025-12-06 15:02:25,034 ] 605 root - INFO - Creating feature directory if needed...
[ 2025-12-06 15:02:59,734 ] 718 root - INFO - ===== Data Transformation Completed Successfully =====
[ 2025-12-06 15:02:59,775 ] 66 root - INFO - Data transformation completed successfully.
[ 2025-12-06 15:02:59,776 ] 67 root - INFO - DataTransformationArtifact: DataTransformationArtifact(train_image_feature_file_path='artifacts/12_06_2025_14_47_14/data_transformation/features/train_image_features.npy', valid_image_feature_file_path='artifacts/12_06_2025_14_47_14/data_transformation/features/valid_image_features.npy', test_image_feature_file_path='artifacts/12_06_2025_14_47_14/data_transformation/features/test_image_features.npy', train_spectrogram_feature_file_path='artifacts/12_06_2025_14_47_14/data_transformation/features/train_melspectrogram_features.npy', valid_spectrogram_feature_file_path='artifacts/12_06_2025_14_47_14/data_transformation/features/valid_melspectrogram_features.npy', test_spectrogram_feature_file_path='artifacts/12_06_2025_14_47_14/data_transformation/features/test_melspectrogram_features.npy', train_compare_feature_file_path='artifacts/12_06_2025_14_47_14/data_transformation/features/train_compare_features.npy', valid_compare_feature_file_path='artifacts/12_06_2025_14_47_14/data_transformation/features/valid_compare_features.npy', test_compare_feature_file_path='artifacts/12_06_2025_14_47_14/data_transformation/features/test_compare_features.npy', train_boaw_feature_file_path='artifacts/12_06_2025_14_47_14/data_transformation/features/train_boaw_features.npy', valid_boaw_feature_file_path='artifacts/12_06_2025_14_47_14/data_transformation/features/valid_boaw_features.npy', test_boaw_feature_file_path='artifacts/12_06_2025_14_47_14/data_transformation/features/test_boaw_features.npy', train_audeep_feature_file_path='artifacts/12_06_2025_14_47_14/data_transformation/features/train_audeep_features.npy', valid_audeep_feature_file_path='artifacts/12_06_2025_14_47_14/data_transformation/features/valid_audeep_features.npy', test_audeep_feature_file_path='artifacts/12_06_2025_14_47_14/data_transformation/features/test_audeep_features.npy', train_fv_feature_file_path='artifacts/12_06_2025_14_47_14/data_transformation/features/train_fv_features.npy', valid_fv_feature_file_path='artifacts/12_06_2025_14_47_14/data_transformation/features/valid_fv_features.npy', test_fv_feature_file_path='artifacts/12_06_2025_14_47_14/data_transformation/features/test_fv_features.npy', train_panns_feature_file_path='artifacts/12_06_2025_14_47_14/data_transformation/features/train_panns_features.npy', valid_panns_feature_file_path='artifacts/12_06_2025_14_47_14/data_transformation/features/valid_panns_features.npy', test_panns_feature_file_path='artifacts/12_06_2025_14_47_14/data_transformation/features/test_panns_features.npy', train_yamnet_feature_file_path='artifacts/12_06_2025_14_47_14/data_transformation/features/train_yamnet_features.npy', valid_yamnet_feature_file_path='artifacts/12_06_2025_14_47_14/data_transformation/features/valid_yamnet_features.npy', test_yamnet_feature_file_path='artifacts/12_06_2025_14_47_14/data_transformation/features/test_yamnet_features.npy', train_image_embedding_file_path='artifacts/12_06_2025_14_47_14/data_transformation/features/train_image_embeddings.npy', valid_image_embedding_file_path='artifacts/12_06_2025_14_47_14/data_transformation/features/valid_image_embeddings.npy', test_image_embedding_file_path='artifacts/12_06_2025_14_47_14/data_transformation/features/test_image_embeddings.npy', train_label_file_path='artifacts/12_06_2025_14_47_14/data_transformation/features/train_labels.npy', valid_label_file_path='artifacts/12_06_2025_14_47_14/data_transformation/features/valid_labels.npy', test_label_file_path='artifacts/12_06_2025_14_47_14/data_transformation/features/test_labels.npy', train_spectrogram_image_dir='artifacts/12_06_2025_14_47_14/data_transformation/spectrogram_images/train', valid_spectrogram_image_dir='artifacts/12_06_2025_14_47_14/data_transformation/spectrogram_images/valid', test_spectrogram_image_dir='artifacts/12_06_2025_14_47_14/data_transformation/spectrogram_images/test')
[ 2025-12-06 15:02:59,777 ] 70 root - INFO - === VisionInfantNet: Data Transforamtion Finished ===
